[21:36:17] [main/INFO] (FabricLoader/GameProvider) Loading Minecraft 1.20.1 with Fabric Loader 0.14.21
[21:36:17] [main/DEBUG] (FabricLoader/GamePatch) Found game constructor: net.minecraft.client.main.Main -> net.minecraft.client.Minecraft
[21:36:17] [main/DEBUG] (FabricLoader/GamePatch) Patching game constructor <init>(Lnet/minecraft/client/main/GameConfig;)V
[21:36:17] [main/DEBUG] (FabricLoader/GamePatch) Run directory field is thought to be net/minecraft/client/Minecraft/gameDirectory
[21:36:17] [main/DEBUG] (FabricLoader/GamePatch) Applying brand name hook to net/minecraft/client/ClientBrandRetriever::getClientModName
[21:36:17] [main/DEBUG] (FabricLoader/GamePatch) Applying brand name hook to net/minecraft/server/MinecraftServer::getServerModName
[21:36:17] [main/DEBUG] (FabricLoader/GamePatch) Patched 3 classs
[21:36:17] [main/DEBUG] (FabricLoader/Discovery) Mod discovery time: 111.1 ms
[21:36:17] [main/DEBUG] (FabricLoader/Resolution) Mod resolution time: 90.2 ms
[21:36:17] [main/INFO] (FabricLoader) Loading 46 mods:
	- fabric-api 0.83.1+1.20.1
	- fabric-api-base 0.4.29+b04edc7a77
	- fabric-api-lookup-api-v1 1.6.34+4d8536c977
	- fabric-biome-api-v1 13.0.10+b3afc78b77
	- fabric-block-api-v1 1.0.9+e022e5d177
	- fabric-blockrenderlayer-v1 1.1.39+b3afc78b77
	- fabric-client-tags-api-v1 1.0.20+b3afc78b77
	- fabric-command-api-v2 2.2.11+b3afc78b77
	- fabric-content-registries-v0 4.0.7+b3afc78b77
	- fabric-convention-tags-v1 1.5.3+b3afc78b77
	- fabric-crash-report-info-v1 0.2.18+aeb40ebe77
	- fabric-data-generation-api-v1 12.1.11+b3afc78b77
	- fabric-dimensions-v1 2.1.51+b3afc78b77
	- fabric-entity-events-v1 1.5.21+b3afc78b77
	- fabric-events-interaction-v0 0.6.0+b3afc78b77
	- fabric-game-rule-api-v1 1.0.38+b04edc7a77
	- fabric-gametest-api-v1 1.2.10+b3afc78b77
	- fabric-item-api-v1 2.1.26+b3afc78b77
	- fabric-item-group-api-v1 4.0.7+b3afc78b77
	- fabric-key-binding-api-v1 1.0.36+fb8d95da77
	- fabric-lifecycle-events-v1 2.2.20+b3afc78b77
	- fabric-loot-api-v2 1.1.37+b3afc78b77
	- fabric-message-api-v1 5.1.6+b3afc78b77
	- fabric-mining-level-api-v1 2.1.47+b3afc78b77
	- fabric-models-v0 0.3.35+b3afc78b77
	- fabric-networking-api-v1 1.3.8+b3afc78b77
	- fabric-object-builder-api-v1 11.0.6+b3afc78b77
	- fabric-particles-v1 1.0.28+b3afc78b77
	- fabric-recipe-api-v1 1.0.18+b3afc78b77
	- fabric-registry-sync-v0 2.2.6+b3afc78b77
	- fabric-renderer-api-v1 3.0.1+b3afc78b77
	- fabric-renderer-indigo 1.3.1+b3afc78b77
	- fabric-rendering-data-attachment-v1 0.3.33+b3afc78b77
	- fabric-rendering-fluids-v1 3.0.26+b3afc78b77
	- fabric-rendering-v1 3.0.6+b3afc78b77
	- fabric-resource-conditions-api-v1 2.3.5+ea08f9d877
	- fabric-resource-loader-v0 0.11.7+f7923f6d77
	- fabric-screen-api-v1 2.0.6+b3afc78b77
	- fabric-screen-handler-api-v1 1.3.27+b3afc78b77
	- fabric-sound-api-v1 1.0.12+b3afc78b77
	- fabric-transfer-api-v1 3.2.2+b3afc78b77
	- fabric-transitive-access-wideners-v1 4.2.0+b3afc78b77
	- fabricloader 0.14.21
	- java 17
	- minecraft 1.20.1
	- tikuwa_ii 1.0.0
[21:36:17] [main/DEBUG] (FabricLoader/Knot) Adding C:\Users\k0use1\MCreatorWorkspaces\Tikuwa-II\.gradle\loom-cache\remapped_mods\loom_mappings_1_20_1_layered_hash_2198_v2\net\fabricmc\fabric-api\fabric-message-api-v1\5.1.6+b3afc78b77\fabric-message-api-v1-5.1.6+b3afc78b77.jar to classpath.
[21:36:17] [main/DEBUG] (FabricLoader/Knot) Adding C:\Users\k0use1\MCreatorWorkspaces\Tikuwa-II\.gradle\loom-cache\remapped_mods\loom_mappings_1_20_1_layered_hash_2198_v2\net\fabricmc\fabric-api\fabric-block-api-v1\1.0.9+e022e5d177\fabric-block-api-v1-1.0.9+e022e5d177.jar to classpath.
[21:36:17] [main/DEBUG] (FabricLoader/Knot) Adding C:\Users\k0use1\MCreatorWorkspaces\Tikuwa-II\.gradle\loom-cache\remapped_mods\loom_mappings_1_20_1_layered_hash_2198_v2\net\fabricmc\fabric-api\fabric-registry-sync-v0\2.2.6+b3afc78b77\fabric-registry-sync-v0-2.2.6+b3afc78b77.jar to classpath.
[21:36:17] [main/DEBUG] (FabricLoader/Knot) Adding C:\Users\k0use1\MCreatorWorkspaces\Tikuwa-II\.gradle\loom-cache\remapped_mods\loom_mappings_1_20_1_layered_hash_2198_v2\net\fabricmc\fabric-api\fabric-rendering-v1\3.0.6+b3afc78b77\fabric-rendering-v1-3.0.6+b3afc78b77.jar to classpath.
[21:36:17] [main/DEBUG] (FabricLoader/Knot) Adding C:\Users\k0use1\MCreatorWorkspaces\Tikuwa-II\.gradle\loom-cache\remapped_mods\loom_mappings_1_20_1_layered_hash_2198_v2\net\fabricmc\fabric-api\fabric-biome-api-v1\13.0.10+b3afc78b77\fabric-biome-api-v1-13.0.10+b3afc78b77.jar to classpath.
[21:36:17] [main/DEBUG] (FabricLoader/Knot) Adding C:\Users\k0use1\MCreatorWorkspaces\Tikuwa-II\.gradle\loom-cache\remapped_mods\loom_mappings_1_20_1_layered_hash_2198_v2\net\fabricmc\fabric-api\fabric-resource-loader-v0\0.11.7+f7923f6d77\fabric-resource-loader-v0-0.11.7+f7923f6d77.jar to classpath.
[21:36:17] [main/DEBUG] (FabricLoader/Knot) Adding C:\Users\k0use1\MCreatorWorkspaces\Tikuwa-II\.gradle\loom-cache\remapped_mods\loom_mappings_1_20_1_layered_hash_2198_v2\net\fabricmc\fabric-api\fabric-loot-api-v2\1.1.37+b3afc78b77\fabric-loot-api-v2-1.1.37+b3afc78b77.jar to classpath.
[21:36:17] [main/DEBUG] (FabricLoader/Knot) Adding C:\Users\k0use1\MCreatorWorkspaces\Tikuwa-II\.gradle\loom-cache\remapped_mods\loom_mappings_1_20_1_layered_hash_2198_v2\net\fabricmc\fabric-api\fabric-blockrenderlayer-v1\1.1.39+b3afc78b77\fabric-blockrenderlayer-v1-1.1.39+b3afc78b77.jar to classpath.
[21:36:17] [main/DEBUG] (FabricLoader/Knot) Adding C:\Users\k0use1\MCreatorWorkspaces\Tikuwa-II\.gradle\loom-cache\remapped_mods\loom_mappings_1_20_1_layered_hash_2198_v2\net\fabricmc\fabric-api\fabric-entity-events-v1\1.5.21+b3afc78b77\fabric-entity-events-v1-1.5.21+b3afc78b77.jar to classpath.
[21:36:17] [main/DEBUG] (FabricLoader/Knot) Adding C:\Users\k0use1\MCreatorWorkspaces\Tikuwa-II\.gradle\loom-cache\remapped_mods\loom_mappings_1_20_1_layered_hash_2198_v2\net\fabricmc\fabric-api\fabric-models-v0\0.3.35+b3afc78b77\fabric-models-v0-0.3.35+b3afc78b77.jar to classpath.
[21:36:17] [main/DEBUG] (FabricLoader/Knot) Adding C:\Users\k0use1\MCreatorWorkspaces\Tikuwa-II\.gradle\loom-cache\remapped_mods\loom_mappings_1_20_1_layered_hash_2198_v2\net\fabricmc\fabric-api\fabric-api-base\0.4.29+b04edc7a77\fabric-api-base-0.4.29+b04edc7a77.jar to classpath.
[21:36:17] [main/DEBUG] (FabricLoader/Knot) Adding C:\Users\k0use1\MCreatorWorkspaces\Tikuwa-II\.gradle\loom-cache\remapped_mods\loom_mappings_1_20_1_layered_hash_2198_v2\net\fabricmc\fabric-api\fabric-transfer-api-v1\3.2.2+b3afc78b77\fabric-transfer-api-v1-3.2.2+b3afc78b77.jar to classpath.
[21:36:17] [main/DEBUG] (FabricLoader/Knot) Adding C:\Users\k0use1\MCreatorWorkspaces\Tikuwa-II\.gradle\loom-cache\remapped_mods\loom_mappings_1_20_1_layered_hash_2198_v2\net\fabricmc\fabric-api\fabric-data-generation-api-v1\12.1.11+b3afc78b77\fabric-data-generation-api-v1-12.1.11+b3afc78b77.jar to classpath.
[21:36:17] [main/DEBUG] (FabricLoader/Knot) Adding C:\Users\k0use1\MCreatorWorkspaces\Tikuwa-II\.gradle\loom-cache\remapped_mods\loom_mappings_1_20_1_layered_hash_2198_v2\net\fabricmc\fabric-api\fabric-content-registries-v0\4.0.7+b3afc78b77\fabric-content-registries-v0-4.0.7+b3afc78b77.jar to classpath.
[21:36:17] [main/DEBUG] (FabricLoader/Knot) Adding C:\Users\k0use1\MCreatorWorkspaces\Tikuwa-II\.gradle\loom-cache\remapped_mods\loom_mappings_1_20_1_layered_hash_2198_v2\net\fabricmc\fabric-api\fabric-renderer-api-v1\3.0.1+b3afc78b77\fabric-renderer-api-v1-3.0.1+b3afc78b77.jar to classpath.
[21:36:17] [main/DEBUG] (FabricLoader/Knot) Adding C:\Users\k0use1\MCreatorWorkspaces\Tikuwa-II\.gradle\loom-cache\remapped_mods\loom_mappings_1_20_1_layered_hash_2198_v2\net\fabricmc\fabric-api\fabric-sound-api-v1\1.0.12+b3afc78b77\fabric-sound-api-v1-1.0.12+b3afc78b77.jar to classpath.
[21:36:18] [main/DEBUG] (FabricLoader/Knot) Adding C:\Users\k0use1\MCreatorWorkspaces\Tikuwa-II\.gradle\loom-cache\remapped_mods\loom_mappings_1_20_1_layered_hash_2198_v2\net\fabricmc\fabric-api\fabric-crash-report-info-v1\0.2.18+aeb40ebe77\fabric-crash-report-info-v1-0.2.18+aeb40ebe77.jar to classpath.
[21:36:18] [main/DEBUG] (FabricLoader/Knot) Adding C:\Users\k0use1\MCreatorWorkspaces\Tikuwa-II\build\resources\main to classpath.
[21:36:18] [main/DEBUG] (FabricLoader/Knot) Adding C:\Users\k0use1\MCreatorWorkspaces\Tikuwa-II\.gradle\loom-cache\remapped_mods\loom_mappings_1_20_1_layered_hash_2198_v2\net\fabricmc\fabric-api\fabric-api\0.83.1+1.20.1\fabric-api-0.83.1+1.20.1.jar to classpath.
[21:36:18] [main/DEBUG] (FabricLoader/Knot) Adding C:\Users\k0use1\MCreatorWorkspaces\Tikuwa-II\.gradle\loom-cache\remapped_mods\loom_mappings_1_20_1_layered_hash_2198_v2\net\fabricmc\fabric-api\fabric-game-rule-api-v1\1.0.38+b04edc7a77\fabric-game-rule-api-v1-1.0.38+b04edc7a77.jar to classpath.
[21:36:18] [main/DEBUG] (FabricLoader/Knot) Adding C:\Users\k0use1\MCreatorWorkspaces\Tikuwa-II\.gradle\loom-cache\remapped_mods\loom_mappings_1_20_1_layered_hash_2198_v2\net\fabricmc\fabric-api\fabric-gametest-api-v1\1.2.10+b3afc78b77\fabric-gametest-api-v1-1.2.10+b3afc78b77.jar to classpath.
[21:36:18] [main/DEBUG] (FabricLoader/Knot) Adding C:\Users\k0use1\MCreatorWorkspaces\Tikuwa-II\.gradle\loom-cache\remapped_mods\loom_mappings_1_20_1_layered_hash_2198_v2\net\fabricmc\fabric-api\fabric-mining-level-api-v1\2.1.47+b3afc78b77\fabric-mining-level-api-v1-2.1.47+b3afc78b77.jar to classpath.
[21:36:18] [main/DEBUG] (FabricLoader/Knot) Adding C:\Users\k0use1\MCreatorWorkspaces\Tikuwa-II\.gradle\loom-cache\remapped_mods\loom_mappings_1_20_1_layered_hash_2198_v2\net\fabricmc\fabric-api\fabric-dimensions-v1\2.1.51+b3afc78b77\fabric-dimensions-v1-2.1.51+b3afc78b77.jar to classpath.
[21:36:18] [main/DEBUG] (FabricLoader/Knot) Adding C:\Users\k0use1\MCreatorWorkspaces\Tikuwa-II\.gradle\loom-cache\remapped_mods\loom_mappings_1_20_1_layered_hash_2198_v2\net\fabricmc\fabric-api\fabric-screen-handler-api-v1\1.3.27+b3afc78b77\fabric-screen-handler-api-v1-1.3.27+b3afc78b77.jar to classpath.
[21:36:18] [main/DEBUG] (FabricLoader/Knot) Adding C:\Users\k0use1\MCreatorWorkspaces\Tikuwa-II\.gradle\loom-cache\remapped_mods\loom_mappings_1_20_1_layered_hash_2198_v2\net\fabricmc\fabric-api\fabric-object-builder-api-v1\11.0.6+b3afc78b77\fabric-object-builder-api-v1-11.0.6+b3afc78b77.jar to classpath.
[21:36:18] [main/DEBUG] (FabricLoader/Knot) Adding C:\Users\k0use1\MCreatorWorkspaces\Tikuwa-II\.gradle\loom-cache\remapped_mods\loom_mappings_1_20_1_layered_hash_2198_v2\net\fabricmc\fabric-api\fabric-convention-tags-v1\1.5.3+b3afc78b77\fabric-convention-tags-v1-1.5.3+b3afc78b77.jar to classpath.
[21:36:18] [main/DEBUG] (FabricLoader/Knot) Adding C:\Users\k0use1\MCreatorWorkspaces\Tikuwa-II\.gradle\loom-cache\remapped_mods\loom_mappings_1_20_1_layered_hash_2198_v2\net\fabricmc\fabric-api\fabric-particles-v1\1.0.28+b3afc78b77\fabric-particles-v1-1.0.28+b3afc78b77.jar to classpath.
[21:36:18] [main/DEBUG] (FabricLoader/Knot) Adding C:\Users\k0use1\MCreatorWorkspaces\Tikuwa-II\.gradle\loom-cache\remapped_mods\loom_mappings_1_20_1_layered_hash_2198_v2\net\fabricmc\fabric-api\fabric-api-lookup-api-v1\1.6.34+4d8536c977\fabric-api-lookup-api-v1-1.6.34+4d8536c977.jar to classpath.
[21:36:18] [main/DEBUG] (FabricLoader/Knot) Adding C:\Users\k0use1\MCreatorWorkspaces\Tikuwa-II\.gradle\loom-cache\remapped_mods\loom_mappings_1_20_1_layered_hash_2198_v2\net\fabricmc\fabric-api\fabric-renderer-indigo\1.3.1+b3afc78b77\fabric-renderer-indigo-1.3.1+b3afc78b77.jar to classpath.
[21:36:18] [main/DEBUG] (FabricLoader/Knot) Adding C:\Users\k0use1\MCreatorWorkspaces\Tikuwa-II\.gradle\loom-cache\remapped_mods\loom_mappings_1_20_1_layered_hash_2198_v2\net\fabricmc\fabric-api\fabric-key-binding-api-v1\1.0.36+fb8d95da77\fabric-key-binding-api-v1-1.0.36+fb8d95da77.jar to classpath.
[21:36:18] [main/DEBUG] (FabricLoader/Knot) Adding C:\Users\k0use1\MCreatorWorkspaces\Tikuwa-II\.gradle\loom-cache\remapped_mods\loom_mappings_1_20_1_layered_hash_2198_v2\net\fabricmc\fabric-api\fabric-rendering-data-attachment-v1\0.3.33+b3afc78b77\fabric-rendering-data-attachment-v1-0.3.33+b3afc78b77.jar to classpath.
[21:36:18] [main/DEBUG] (FabricLoader/Knot) Adding C:\Users\k0use1\MCreatorWorkspaces\Tikuwa-II\.gradle\loom-cache\remapped_mods\loom_mappings_1_20_1_layered_hash_2198_v2\net\fabricmc\fabric-api\fabric-resource-conditions-api-v1\2.3.5+ea08f9d877\fabric-resource-conditions-api-v1-2.3.5+ea08f9d877.jar to classpath.
[21:36:18] [main/DEBUG] (FabricLoader/Knot) Adding C:\Users\k0use1\MCreatorWorkspaces\Tikuwa-II\.gradle\loom-cache\remapped_mods\loom_mappings_1_20_1_layered_hash_2198_v2\net\fabricmc\fabric-api\fabric-item-group-api-v1\4.0.7+b3afc78b77\fabric-item-group-api-v1-4.0.7+b3afc78b77.jar to classpath.
[21:36:18] [main/DEBUG] (FabricLoader/Knot) Adding C:\Users\k0use1\MCreatorWorkspaces\Tikuwa-II\.gradle\loom-cache\remapped_mods\loom_mappings_1_20_1_layered_hash_2198_v2\net\fabricmc\fabric-api\fabric-item-api-v1\2.1.26+b3afc78b77\fabric-item-api-v1-2.1.26+b3afc78b77.jar to classpath.
[21:36:18] [main/DEBUG] (FabricLoader/Knot) Adding C:\Users\k0use1\MCreatorWorkspaces\Tikuwa-II\.gradle\loom-cache\remapped_mods\loom_mappings_1_20_1_layered_hash_2198_v2\net\fabricmc\fabric-api\fabric-events-interaction-v0\0.6.0+b3afc78b77\fabric-events-interaction-v0-0.6.0+b3afc78b77.jar to classpath.
[21:36:18] [main/DEBUG] (FabricLoader/Knot) Adding C:\Users\k0use1\MCreatorWorkspaces\Tikuwa-II\.gradle\loom-cache\remapped_mods\loom_mappings_1_20_1_layered_hash_2198_v2\net\fabricmc\fabric-api\fabric-lifecycle-events-v1\2.2.20+b3afc78b77\fabric-lifecycle-events-v1-2.2.20+b3afc78b77.jar to classpath.
[21:36:18] [main/DEBUG] (FabricLoader/Knot) Adding C:\Users\k0use1\MCreatorWorkspaces\Tikuwa-II\.gradle\loom-cache\remapped_mods\loom_mappings_1_20_1_layered_hash_2198_v2\net\fabricmc\fabric-api\fabric-rendering-fluids-v1\3.0.26+b3afc78b77\fabric-rendering-fluids-v1-3.0.26+b3afc78b77.jar to classpath.
[21:36:18] [main/DEBUG] (FabricLoader/Knot) Adding C:\Users\k0use1\MCreatorWorkspaces\Tikuwa-II\.gradle\loom-cache\remapped_mods\loom_mappings_1_20_1_layered_hash_2198_v2\net\fabricmc\fabric-api\fabric-screen-api-v1\2.0.6+b3afc78b77\fabric-screen-api-v1-2.0.6+b3afc78b77.jar to classpath.
[21:36:18] [main/DEBUG] (FabricLoader/Knot) Adding C:\Users\k0use1\MCreatorWorkspaces\Tikuwa-II\.gradle\loom-cache\remapped_mods\loom_mappings_1_20_1_layered_hash_2198_v2\net\fabricmc\fabric-api\fabric-transitive-access-wideners-v1\4.2.0+b3afc78b77\fabric-transitive-access-wideners-v1-4.2.0+b3afc78b77.jar to classpath.
[21:36:18] [main/DEBUG] (FabricLoader/Knot) Adding C:\Users\k0use1\MCreatorWorkspaces\Tikuwa-II\.gradle\loom-cache\remapped_mods\loom_mappings_1_20_1_layered_hash_2198_v2\net\fabricmc\fabric-api\fabric-recipe-api-v1\1.0.18+b3afc78b77\fabric-recipe-api-v1-1.0.18+b3afc78b77.jar to classpath.
[21:36:18] [main/DEBUG] (FabricLoader/Knot) Adding C:\Users\k0use1\MCreatorWorkspaces\Tikuwa-II\.gradle\loom-cache\remapped_mods\loom_mappings_1_20_1_layered_hash_2198_v2\net\fabricmc\fabric-api\fabric-networking-api-v1\1.3.8+b3afc78b77\fabric-networking-api-v1-1.3.8+b3afc78b77.jar to classpath.
[21:36:18] [main/DEBUG] (FabricLoader/Knot) Adding C:\Users\k0use1\MCreatorWorkspaces\Tikuwa-II\.gradle\loom-cache\remapped_mods\loom_mappings_1_20_1_layered_hash_2198_v2\net\fabricmc\fabric-api\fabric-command-api-v2\2.2.11+b3afc78b77\fabric-command-api-v2-2.2.11+b3afc78b77.jar to classpath.
[21:36:18] [main/DEBUG] (FabricLoader/Knot) Adding C:\Users\k0use1\MCreatorWorkspaces\Tikuwa-II\.gradle\loom-cache\remapped_mods\loom_mappings_1_20_1_layered_hash_2198_v2\net\fabricmc\fabric-api\fabric-client-tags-api-v1\1.0.20+b3afc78b77\fabric-client-tags-api-v1-1.0.20+b3afc78b77.jar to classpath.
[21:36:18] [main/DEBUG] (FabricLoader/Entrypoint) Registering new-style initializer net.fabricmc.fabric.impl.client.registry.sync.FabricRegistryClientInit for mod fabric-registry-sync-v0 (key client)
[21:36:18] [main/DEBUG] (FabricLoader/Entrypoint) Registering new-style initializer net.fabricmc.fabric.impl.registry.sync.FabricRegistryInit for mod fabric-registry-sync-v0 (key main)
[21:36:18] [main/DEBUG] (FabricLoader/Entrypoint) Registering new-style initializer net.mcreator.tikuwa.ii.ClientInit for mod tikuwa_ii (key client)
[21:36:18] [main/DEBUG] (FabricLoader/Entrypoint) Registering new-style initializer net.mcreator.tikuwa.ii.TikuwaIiMod for mod tikuwa_ii (key main)
[21:36:18] [main/DEBUG] (FabricLoader/Entrypoint) Registering new-style initializer net.fabricmc.fabric.impl.gametest.FabricGameTestModInitializer for mod fabric-gametest-api-v1 (key main)
[21:36:18] [main/DEBUG] (FabricLoader/Entrypoint) Registering new-style initializer net.fabricmc.fabric.impl.screenhandler.client.ClientNetworking for mod fabric-screen-handler-api-v1 (key client)
[21:36:18] [main/DEBUG] (FabricLoader/Entrypoint) Registering new-style initializer net.fabricmc.fabric.impl.lookup.ApiLookupImpl for mod fabric-api-lookup-api-v1 (key main)
[21:36:18] [main/DEBUG] (FabricLoader/Entrypoint) Registering new-style initializer net.fabricmc.fabric.impl.client.indigo.Indigo for mod fabric-renderer-indigo (key client)
[21:36:18] [main/DEBUG] (FabricLoader/Entrypoint) Registering new-style initializer net.fabricmc.fabric.impl.event.interaction.InteractionEventsRouterClient for mod fabric-events-interaction-v0 (key client)
[21:36:18] [main/DEBUG] (FabricLoader/Entrypoint) Registering new-style initializer net.fabricmc.fabric.impl.event.interaction.InteractionEventsRouter for mod fabric-events-interaction-v0 (key main)
[21:36:18] [main/DEBUG] (FabricLoader/Entrypoint) Registering new-style initializer net.fabricmc.fabric.impl.client.event.lifecycle.ClientLifecycleEventsImpl for mod fabric-lifecycle-events-v1 (key client)
[21:36:18] [main/DEBUG] (FabricLoader/Entrypoint) Registering new-style initializer net.fabricmc.fabric.impl.event.lifecycle.LifecycleEventsImpl for mod fabric-lifecycle-events-v1 (key main)
[21:36:18] [main/DEBUG] (FabricLoader/Entrypoint) Registering new-style initializer net.fabricmc.fabric.impl.recipe.ingredient.client.CustomIngredientSyncClient for mod fabric-recipe-api-v1 (key client)
[21:36:18] [main/DEBUG] (FabricLoader/Entrypoint) Registering new-style initializer net.fabricmc.fabric.impl.recipe.ingredient.CustomIngredientInit for mod fabric-recipe-api-v1 (key main)
[21:36:18] [main/DEBUG] (FabricLoader/Entrypoint) Registering new-style initializer net.fabricmc.fabric.impl.recipe.ingredient.CustomIngredientSync for mod fabric-recipe-api-v1 (key main)
[21:36:18] [main/DEBUG] (FabricLoader/Entrypoint) Registering new-style initializer net.fabricmc.fabric.impl.networking.client.ClientNetworkingImpl::clientInit for mod fabric-networking-api-v1 (key client)
[21:36:18] [main/DEBUG] (FabricLoader/Entrypoint) Registering new-style initializer net.fabricmc.fabric.impl.networking.NetworkingImpl::init for mod fabric-networking-api-v1 (key main)
[21:36:18] [main/DEBUG] (FabricLoader/Mappings) Loading mappings took 152 ms
[21:36:18] [main/INFO] (FabricLoader/Mixin) SpongePowered MIXIN Subsystem Version=0.8.5 Source=file:/C:/Users/k0use1/.mcreator/gradle/caches/modules-2/files-2.1/net.fabricmc/sponge-mixin/0.12.5+mixin.0.8.5/8d31fb97c3e0cd7c8dad3441851c523bcfae6d8e/sponge-mixin-0.12.5+mixin.0.8.5.jar Service=Knot/Fabric Env=CLIENT
[21:36:18] [main/DEBUG] (FabricLoader/Mixin) Error cleaning class output directory: .mixin.out
[21:36:18] [main/DEBUG] (FabricLoader/Mixin) Initialising Mixin Platform Manager
[21:36:18] [main/DEBUG] (FabricLoader/Mixin) Adding mixin platform agents for container ContainerHandleURI(file:///C:/Users/k0use1/.mcreator/gradle/caches/modules-2/files-2.1/net.fabricmc/fabric-loader/0.14.21/960c8a415d93c128bfb630abbc3c7c9e1ba48637/fabric-loader-0.14.21.jar)
[21:36:18] [main/DEBUG] (FabricLoader/Mixin) Instancing new MixinPlatformAgentDefault for ContainerHandleURI(file:///C:/Users/k0use1/.mcreator/gradle/caches/modules-2/files-2.1/net.fabricmc/fabric-loader/0.14.21/960c8a415d93c128bfb630abbc3c7c9e1ba48637/fabric-loader-0.14.21.jar)
[21:36:18] [main/DEBUG] (FabricLoader/Mixin) MixinPlatformAgentDefault accepted container ContainerHandleURI(file:///C:/Users/k0use1/.mcreator/gradle/caches/modules-2/files-2.1/net.fabricmc/fabric-loader/0.14.21/960c8a415d93c128bfb630abbc3c7c9e1ba48637/fabric-loader-0.14.21.jar)
[21:36:18] [main/DEBUG] (FabricLoader/Mixin) Instancing new MixinPlatformAgentDefault for ContainerHandleURI(file:///C:/Users/k0use1/.mcreator/gradle/caches/modules-2/files-2.1/net.fabricmc/fabric-loader/0.14.21/960c8a415d93c128bfb630abbc3c7c9e1ba48637/fabric-loader-0.14.21.jar)
[21:36:18] [main/DEBUG] (FabricLoader/Mixin) MixinPlatformAgentDefault accepted container ContainerHandleURI(file:///C:/Users/k0use1/.mcreator/gradle/caches/modules-2/files-2.1/net.fabricmc/fabric-loader/0.14.21/960c8a415d93c128bfb630abbc3c7c9e1ba48637/fabric-loader-0.14.21.jar)
[21:36:18] [main/DEBUG] (FabricLoader/Mixin) Processing prepare() for PlatformAgent[MixinPlatformAgentDefault:ContainerHandleURI(file:///C:/Users/k0use1/.mcreator/gradle/caches/modules-2/files-2.1/net.fabricmc/fabric-loader/0.14.21/960c8a415d93c128bfb630abbc3c7c9e1ba48637/fabric-loader-0.14.21.jar)]
[21:36:18] [main/DEBUG] (FabricLoader/Mixin) Processing prepare() for PlatformAgent[MixinPlatformAgentDefault:ContainerHandleURI(file:///C:/Users/k0use1/.mcreator/gradle/caches/modules-2/files-2.1/net.fabricmc/fabric-loader/0.14.21/960c8a415d93c128bfb630abbc3c7c9e1ba48637/fabric-loader-0.14.21.jar)]
[21:36:18] [main/INFO] (FabricLoader/Mixin) Loaded Fabric development mappings for mixin remapper!
[21:36:18] [main/DEBUG] (FabricLoader/Mixin) Compatibility level JAVA_16 specified by fabric-message-api-v1.mixins.json is higher than the maximum level supported by this version of mixin (JAVA_13).
[21:36:18] [main/INFO] (FabricLoader/Mixin) Compatibility level set to JAVA_16
[21:36:18] [main/DEBUG] (FabricLoader/Mixin) Mixin config fabric-message-api-v1.mixins.json does not specify "minVersion" property
[21:36:18] [main/DEBUG] (FabricLoader/Mixin) Compatibility level JAVA_17 specified by fabric-message-api-v1.client.mixins.json is higher than the maximum level supported by this version of mixin (JAVA_13).
[21:36:18] [main/INFO] (FabricLoader/Mixin) Compatibility level set to JAVA_17
[21:36:18] [main/DEBUG] (FabricLoader/Mixin) Mixin config fabric-message-api-v1.client.mixins.json does not specify "minVersion" property
[21:36:18] [main/DEBUG] (FabricLoader/Mixin) Mixin config fabric-block-api-v1.mixins.json does not specify "minVersion" property
[21:36:18] [main/DEBUG] (FabricLoader/Mixin) Compatibility level JAVA_16 specified by fabric-registry-sync-v0.mixins.json is higher than the maximum level supported by this version of mixin (JAVA_13).
[21:36:18] [main/DEBUG] (FabricLoader/Mixin) Mixin config fabric-registry-sync-v0.mixins.json does not specify "minVersion" property
[21:36:18] [main/DEBUG] (FabricLoader/Mixin) Compatibility level JAVA_16 specified by fabric-registry-sync-v0.client.mixins.json is higher than the maximum level supported by this version of mixin (JAVA_13).
[21:36:18] [main/DEBUG] (FabricLoader/Mixin) Mixin config fabric-registry-sync-v0.client.mixins.json does not specify "minVersion" property
[21:36:18] [main/DEBUG] (FabricLoader/Mixin) Compatibility level JAVA_16 specified by fabric-rendering-v1.mixins.json is higher than the maximum level supported by this version of mixin (JAVA_13).
[21:36:18] [main/DEBUG] (FabricLoader/Mixin) Mixin config fabric-rendering-v1.mixins.json does not specify "minVersion" property
[21:36:18] [main/DEBUG] (FabricLoader/Mixin) Compatibility level JAVA_16 specified by fabric-biome-api-v1.mixins.json is higher than the maximum level supported by this version of mixin (JAVA_13).
[21:36:18] [main/DEBUG] (FabricLoader/Mixin) Mixin config fabric-biome-api-v1.mixins.json does not specify "minVersion" property
[21:36:18] [main/DEBUG] (FabricLoader/Mixin) Compatibility level JAVA_16 specified by fabric-resource-loader-v0.mixins.json is higher than the maximum level supported by this version of mixin (JAVA_13).
[21:36:18] [main/DEBUG] (FabricLoader/Mixin) Mixin config fabric-resource-loader-v0.mixins.json does not specify "minVersion" property
[21:36:18] [main/DEBUG] (FabricLoader/Mixin) Compatibility level JAVA_16 specified by fabric-resource-loader-v0.client.mixins.json is higher than the maximum level supported by this version of mixin (JAVA_13).
[21:36:18] [main/DEBUG] (FabricLoader/Mixin) Mixin config fabric-resource-loader-v0.client.mixins.json does not specify "minVersion" property
[21:36:18] [main/DEBUG] (FabricLoader/Mixin) Mixin config fabric-loot-api-v2.mixins.json does not specify "minVersion" property
[21:36:18] [main/DEBUG] (FabricLoader/Mixin) Compatibility level JAVA_16 specified by fabric-blockrenderlayer-v1.mixins.json is higher than the maximum level supported by this version of mixin (JAVA_13).
[21:36:18] [main/DEBUG] (FabricLoader/Mixin) Mixin config fabric-blockrenderlayer-v1.mixins.json does not specify "minVersion" property
[21:36:18] [main/DEBUG] (FabricLoader/Mixin) Compatibility level JAVA_16 specified by fabric-entity-events-v1.mixins.json is higher than the maximum level supported by this version of mixin (JAVA_13).
[21:36:18] [main/DEBUG] (FabricLoader/Mixin) Mixin config fabric-entity-events-v1.mixins.json does not specify "minVersion" property
[21:36:18] [main/DEBUG] (FabricLoader/Mixin) Compatibility level JAVA_16 specified by fabric-entity-events-v1.client.mixins.json is higher than the maximum level supported by this version of mixin (JAVA_13).
[21:36:18] [main/DEBUG] (FabricLoader/Mixin) Mixin config fabric-entity-events-v1.client.mixins.json does not specify "minVersion" property
[21:36:18] [main/DEBUG] (FabricLoader/Mixin) Compatibility level JAVA_16 specified by fabric-models-v0.mixins.json is higher than the maximum level supported by this version of mixin (JAVA_13).
[21:36:18] [main/DEBUG] (FabricLoader/Mixin) Mixin config fabric-models-v0.mixins.json does not specify "minVersion" property
[21:36:18] [main/DEBUG] (FabricLoader/Mixin) Compatibility level JAVA_16 specified by fabric-transfer-api-v1.mixins.json is higher than the maximum level supported by this version of mixin (JAVA_13).
[21:36:18] [main/DEBUG] (FabricLoader/Mixin) Mixin config fabric-transfer-api-v1.mixins.json does not specify "minVersion" property
[21:36:18] [main/DEBUG] (FabricLoader/Mixin) Compatibility level JAVA_16 specified by fabric-data-generation-api-v1.mixins.json is higher than the maximum level supported by this version of mixin (JAVA_13).
[21:36:18] [main/DEBUG] (FabricLoader/Mixin) Mixin config fabric-data-generation-api-v1.mixins.json does not specify "minVersion" property
[21:36:18] [main/DEBUG] (FabricLoader/Mixin) Compatibility level JAVA_16 specified by fabric-data-generation-api-v1.client.mixins.json is higher than the maximum level supported by this version of mixin (JAVA_13).
[21:36:18] [main/DEBUG] (FabricLoader/Mixin) Mixin config fabric-data-generation-api-v1.client.mixins.json does not specify "minVersion" property
[21:36:18] [main/DEBUG] (FabricLoader/Mixin) Compatibility level JAVA_16 specified by fabric-content-registries-v0.mixins.json is higher than the maximum level supported by this version of mixin (JAVA_13).
[21:36:18] [main/DEBUG] (FabricLoader/Mixin) Mixin config fabric-content-registries-v0.mixins.json does not specify "minVersion" property
[21:36:18] [main/DEBUG] (FabricLoader/Mixin) Compatibility level JAVA_16 specified by fabric-renderer-api-v1.mixins.json is higher than the maximum level supported by this version of mixin (JAVA_13).
[21:36:18] [main/DEBUG] (FabricLoader/Mixin) Mixin config fabric-renderer-api-v1.mixins.json does not specify "minVersion" property
[21:36:18] [main/DEBUG] (FabricLoader/Mixin) Compatibility level JAVA_16 specified by fabric-renderer-api-v1.debughud.mixins.json is higher than the maximum level supported by this version of mixin (JAVA_13).
[21:36:18] [main/DEBUG] (FabricLoader/Mixin) Mixin config fabric-renderer-api-v1.debughud.mixins.json does not specify "minVersion" property
[21:36:18] [main/DEBUG] (FabricLoader/Mixin) Mixin config fabric-sound-api-v1.mixins.json does not specify "minVersion" property
[21:36:18] [main/DEBUG] (FabricLoader/Mixin) Compatibility level JAVA_16 specified by fabric-crash-report-info-v1.mixins.json is higher than the maximum level supported by this version of mixin (JAVA_13).
[21:36:18] [main/DEBUG] (FabricLoader/Mixin) Mixin config fabric-crash-report-info-v1.mixins.json does not specify "minVersion" property
[21:36:18] [main/DEBUG] (FabricLoader/Mixin) Compatibility level JAVA_16 specified by fabric-game-rule-api-v1.mixins.json is higher than the maximum level supported by this version of mixin (JAVA_13).
[21:36:18] [main/DEBUG] (FabricLoader/Mixin) Mixin config fabric-game-rule-api-v1.mixins.json does not specify "minVersion" property
[21:36:18] [main/DEBUG] (FabricLoader/Mixin) Compatibility level JAVA_16 specified by fabric-game-rule-api-v1.client.mixins.json is higher than the maximum level supported by this version of mixin (JAVA_13).
[21:36:18] [main/DEBUG] (FabricLoader/Mixin) Mixin config fabric-game-rule-api-v1.client.mixins.json does not specify "minVersion" property
[21:36:18] [main/DEBUG] (FabricLoader/Mixin) Compatibility level JAVA_16 specified by fabric-gametest-api-v1.mixins.json is higher than the maximum level supported by this version of mixin (JAVA_13).
[21:36:18] [main/DEBUG] (FabricLoader/Mixin) Mixin config fabric-gametest-api-v1.mixins.json does not specify "minVersion" property
[21:36:18] [main/DEBUG] (FabricLoader/Mixin) Compatibility level JAVA_16 specified by fabric-mining-level-api-v1.mixins.json is higher than the maximum level supported by this version of mixin (JAVA_13).
[21:36:18] [main/DEBUG] (FabricLoader/Mixin) Mixin config fabric-mining-level-api-v1.mixins.json does not specify "minVersion" property
[21:36:18] [main/DEBUG] (FabricLoader/Mixin) Compatibility level JAVA_16 specified by fabric-dimensions-v1.mixins.json is higher than the maximum level supported by this version of mixin (JAVA_13).
[21:36:18] [main/DEBUG] (FabricLoader/Mixin) Mixin config fabric-dimensions-v1.mixins.json does not specify "minVersion" property
[21:36:18] [main/DEBUG] (FabricLoader/Mixin) Compatibility level JAVA_16 specified by fabric-screen-handler-api-v1.mixins.json is higher than the maximum level supported by this version of mixin (JAVA_13).
[21:36:18] [main/DEBUG] (FabricLoader/Mixin) Mixin config fabric-screen-handler-api-v1.mixins.json does not specify "minVersion" property
[21:36:18] [main/DEBUG] (FabricLoader/Mixin) Compatibility level JAVA_16 specified by fabric-object-builder-v1.mixins.json is higher than the maximum level supported by this version of mixin (JAVA_13).
[21:36:18] [main/DEBUG] (FabricLoader/Mixin) Mixin config fabric-object-builder-v1.mixins.json does not specify "minVersion" property
[21:36:18] [main/DEBUG] (FabricLoader/Mixin) Compatibility level JAVA_16 specified by fabric-object-builder-v1.client.mixins.json is higher than the maximum level supported by this version of mixin (JAVA_13).
[21:36:18] [main/DEBUG] (FabricLoader/Mixin) Mixin config fabric-object-builder-v1.client.mixins.json does not specify "minVersion" property
[21:36:18] [main/DEBUG] (FabricLoader/Mixin) Compatibility level JAVA_16 specified by fabric-particles-v1.client.mixins.json is higher than the maximum level supported by this version of mixin (JAVA_13).
[21:36:18] [main/DEBUG] (FabricLoader/Mixin) Mixin config fabric-particles-v1.client.mixins.json does not specify "minVersion" property
[21:36:18] [main/DEBUG] (FabricLoader/Mixin) Compatibility level JAVA_16 specified by fabric-api-lookup-api-v1.mixins.json is higher than the maximum level supported by this version of mixin (JAVA_13).
[21:36:18] [main/DEBUG] (FabricLoader/Mixin) Mixin config fabric-api-lookup-api-v1.mixins.json does not specify "minVersion" property
[21:36:18] [main/DEBUG] (FabricLoader/Mixin) Compatibility level JAVA_16 specified by fabric-renderer-indigo.mixins.json is higher than the maximum level supported by this version of mixin (JAVA_13).
[21:36:18] [main/DEBUG] (FabricLoader/Mixin) Mixin config fabric-renderer-indigo.mixins.json does not specify "minVersion" property
[21:36:18] [main/DEBUG] (FabricLoader/Mixin) Compatibility level JAVA_16 specified by fabric-key-binding-api-v1.mixins.json is higher than the maximum level supported by this version of mixin (JAVA_13).
[21:36:18] [main/DEBUG] (FabricLoader/Mixin) Mixin config fabric-key-binding-api-v1.mixins.json does not specify "minVersion" property
[21:36:18] [main/DEBUG] (FabricLoader/Mixin) Compatibility level JAVA_16 specified by fabric-rendering-data-attachment-v1.mixins.json is higher than the maximum level supported by this version of mixin (JAVA_13).
[21:36:18] [main/DEBUG] (FabricLoader/Mixin) Mixin config fabric-rendering-data-attachment-v1.mixins.json does not specify "minVersion" property
[21:36:18] [main/DEBUG] (FabricLoader/Mixin) Compatibility level JAVA_16 specified by fabric-rendering-data-attachment-v1.client.mixins.json is higher than the maximum level supported by this version of mixin (JAVA_13).
[21:36:18] [main/DEBUG] (FabricLoader/Mixin) Mixin config fabric-rendering-data-attachment-v1.client.mixins.json does not specify "minVersion" property
[21:36:18] [main/DEBUG] (FabricLoader/Mixin) Compatibility level JAVA_16 specified by fabric-resource-conditions-api-v1.mixins.json is higher than the maximum level supported by this version of mixin (JAVA_13).
[21:36:18] [main/DEBUG] (FabricLoader/Mixin) Mixin config fabric-resource-conditions-api-v1.mixins.json does not specify "minVersion" property
[21:36:18] [main/DEBUG] (FabricLoader/Mixin) Mixin config fabric-item-group-api-v1.mixins.json does not specify "minVersion" property
[21:36:18] [main/DEBUG] (FabricLoader/Mixin) Mixin config fabric-item-group-api-v1.client.mixins.json does not specify "minVersion" property
[21:36:18] [main/DEBUG] (FabricLoader/Mixin) Compatibility level JAVA_16 specified by fabric-item-api-v1.mixins.json is higher than the maximum level supported by this version of mixin (JAVA_13).
[21:36:18] [main/DEBUG] (FabricLoader/Mixin) Mixin config fabric-item-api-v1.mixins.json does not specify "minVersion" property
[21:36:18] [main/DEBUG] (FabricLoader/Mixin) Compatibility level JAVA_16 specified by fabric-item-api-v1.client.mixins.json is higher than the maximum level supported by this version of mixin (JAVA_13).
[21:36:18] [main/DEBUG] (FabricLoader/Mixin) Mixin config fabric-item-api-v1.client.mixins.json does not specify "minVersion" property
[21:36:18] [main/DEBUG] (FabricLoader/Mixin) Compatibility level JAVA_16 specified by fabric-events-interaction-v0.mixins.json is higher than the maximum level supported by this version of mixin (JAVA_13).
[21:36:18] [main/DEBUG] (FabricLoader/Mixin) Mixin config fabric-events-interaction-v0.mixins.json does not specify "minVersion" property
[21:36:18] [main/DEBUG] (FabricLoader/Mixin) Compatibility level JAVA_16 specified by fabric-events-interaction-v0.client.mixins.json is higher than the maximum level supported by this version of mixin (JAVA_13).
[21:36:18] [main/DEBUG] (FabricLoader/Mixin) Mixin config fabric-events-interaction-v0.client.mixins.json does not specify "minVersion" property
[21:36:18] [main/DEBUG] (FabricLoader/Mixin) Compatibility level JAVA_16 specified by fabric-lifecycle-events-v1.mixins.json is higher than the maximum level supported by this version of mixin (JAVA_13).
[21:36:18] [main/DEBUG] (FabricLoader/Mixin) Mixin config fabric-lifecycle-events-v1.mixins.json does not specify "minVersion" property
[21:36:18] [main/DEBUG] (FabricLoader/Mixin) Compatibility level JAVA_16 specified by fabric-lifecycle-events-v1.client.mixins.json is higher than the maximum level supported by this version of mixin (JAVA_13).
[21:36:18] [main/DEBUG] (FabricLoader/Mixin) Mixin config fabric-lifecycle-events-v1.client.mixins.json does not specify "minVersion" property
[21:36:18] [main/DEBUG] (FabricLoader/Mixin) Compatibility level JAVA_16 specified by fabric-rendering-fluids-v1.mixins.json is higher than the maximum level supported by this version of mixin (JAVA_13).
[21:36:18] [main/DEBUG] (FabricLoader/Mixin) Mixin config fabric-rendering-fluids-v1.mixins.json does not specify "minVersion" property
[21:36:18] [main/DEBUG] (FabricLoader/Mixin) Compatibility level JAVA_16 specified by fabric-screen-api-v1.mixins.json is higher than the maximum level supported by this version of mixin (JAVA_13).
[21:36:18] [main/DEBUG] (FabricLoader/Mixin) Mixin config fabric-screen-api-v1.mixins.json does not specify "minVersion" property
[21:36:18] [main/DEBUG] (FabricLoader/Mixin) Mixin config fabric-recipe-api-v1.mixins.json does not specify "minVersion" property
[21:36:18] [main/DEBUG] (FabricLoader/Mixin) Compatibility level JAVA_16 specified by fabric-networking-api-v1.mixins.json is higher than the maximum level supported by this version of mixin (JAVA_13).
[21:36:18] [main/DEBUG] (FabricLoader/Mixin) Mixin config fabric-networking-api-v1.mixins.json does not specify "minVersion" property
[21:36:18] [main/DEBUG] (FabricLoader/Mixin) Compatibility level JAVA_16 specified by fabric-networking-api-v1.client.mixins.json is higher than the maximum level supported by this version of mixin (JAVA_13).
[21:36:18] [main/DEBUG] (FabricLoader/Mixin) Mixin config fabric-networking-api-v1.client.mixins.json does not specify "minVersion" property
[21:36:18] [main/DEBUG] (FabricLoader/Mixin) Compatibility level JAVA_16 specified by fabric-command-api-v2.mixins.json is higher than the maximum level supported by this version of mixin (JAVA_13).
[21:36:18] [main/DEBUG] (FabricLoader/Mixin) Mixin config fabric-command-api-v2.mixins.json does not specify "minVersion" property
[21:36:18] [main/DEBUG] (FabricLoader/Mixin) Compatibility level JAVA_16 specified by fabric-command-api-v2.client.mixins.json is higher than the maximum level supported by this version of mixin (JAVA_13).
[21:36:18] [main/DEBUG] (FabricLoader/Mixin) Mixin config fabric-command-api-v2.client.mixins.json does not specify "minVersion" property
[21:36:18] [main/DEBUG] (FabricLoader/Knot) Adding C:\Users\k0use1\MCreatorWorkspaces\Tikuwa-II\.gradle\loom-cache\minecraftMaven\net\minecraft\minecraft-merged-66856f620e\1.20.1-loom.mappings.1_20_1.layered+hash.2198-v2\minecraft-merged-66856f620e-1.20.1-loom.mappings.1_20_1.layered+hash.2198-v2.jar to classpath.
[21:36:18] [main/DEBUG] (FabricLoader/Knot) Adding C:\Users\k0use1\MCreatorWorkspaces\Tikuwa-II\build\classes\java\main to classpath.
[21:36:18] [main/DEBUG] (FabricLoader/Knot) Adding C:\Users\k0use1\MCreatorWorkspaces\Tikuwa-II\build\resources\main to classpath.
[21:36:18] [main/DEBUG] (FabricLoader/Knot) Adding C:\Users\k0use1\.mcreator\gradle\caches\fabric-loom\1.20.1\loom.mappings.1_20_1.layered+hash.2198-v2\mappings.jar to classpath.
[21:36:18] [main/DEBUG] (FabricLoader/Knot) Adding C:\Users\k0use1\.mcreator\gradle\caches\modules-2\files-2.1\net.fabricmc\dev-launch-injector\0.2.1+build.8\da8bef7e6e2f952da707f282bdb46882a0fce5e3\dev-launch-injector-0.2.1+build.8.jar to classpath.
[21:36:18] [main/DEBUG] (FabricLoader/Knot) Adding C:\Users\k0use1\.mcreator\gradle\caches\modules-2\files-2.1\com.github.oshi\oshi-core\6.2.2\54f5efc19bca95d709d9a37d19ffcbba3d21c1a6\oshi-core-6.2.2.jar to classpath.
[21:36:18] [main/DEBUG] (FabricLoader/Knot) Adding C:\Users\k0use1\.mcreator\gradle\caches\modules-2\files-2.1\com.google.guava\failureaccess\1.0.1\1dcf1de382a0bf95a3d8b0849546c88bac1292c9\failureaccess-1.0.1.jar to classpath.
[21:36:18] [main/DEBUG] (FabricLoader/Knot) Adding C:\Users\k0use1\.mcreator\gradle\caches\modules-2\files-2.1\com.google.guava\guava\31.1-jre\60458f877d055d0c9114d9e1a2efb737b4bc282c\guava-31.1-jre.jar to classpath.
[21:36:18] [main/DEBUG] (FabricLoader/Knot) Adding C:\Users\k0use1\.mcreator\gradle\caches\modules-2\files-2.1\com.ibm.icu\icu4j\71.1\9e7d3304c23f9ba5cb71915f7cce23231a57a445\icu4j-71.1.jar to classpath.
[21:36:18] [main/DEBUG] (FabricLoader/Knot) Adding C:\Users\k0use1\.mcreator\gradle\caches\modules-2\files-2.1\com.mojang\blocklist\1.0.10\5c685c5ffa94c4cd39496c7184c1d122e515ecef\blocklist-1.0.10.jar to classpath.
[21:36:18] [main/DEBUG] (FabricLoader/Knot) Adding C:\Users\k0use1\.mcreator\gradle\caches\modules-2\files-2.1\com.mojang\brigadier\1.1.8\5244ce82c3337bba4a196a3ce858bfaecc74404a\brigadier-1.1.8.jar to classpath.
[21:36:18] [main/DEBUG] (FabricLoader/Knot) Adding C:\Users\k0use1\.mcreator\gradle\caches\modules-2\files-2.1\com.mojang\datafixerupper\6.0.8\3ba4a30557a9b057760af4011f909ba619fc5125\datafixerupper-6.0.8.jar to classpath.
[21:36:18] [main/DEBUG] (FabricLoader/Knot) Adding C:\Users\k0use1\.mcreator\gradle\caches\modules-2\files-2.1\com.mojang\patchy\2.2.10\da05971b07cbb379d002cf7eaec6a2048211fefc\patchy-2.2.10.jar to classpath.
[21:36:18] [main/DEBUG] (FabricLoader/Knot) Adding C:\Users\k0use1\.mcreator\gradle\caches\modules-2\files-2.1\com.mojang\text2speech\1.17.9\3cad216e3a7f0c19b4b394388bc9ffc446f13b14\text2speech-1.17.9.jar to classpath.
[21:36:18] [main/DEBUG] (FabricLoader/Knot) Adding C:\Users\k0use1\.mcreator\gradle\caches\modules-2\files-2.1\commons-codec\commons-codec\1.15\49d94806b6e3dc933dacbd8acb0fdbab8ebd1e5d\commons-codec-1.15.jar to classpath.
[21:36:18] [main/DEBUG] (FabricLoader/Knot) Adding C:\Users\k0use1\.mcreator\gradle\caches\modules-2\files-2.1\commons-io\commons-io\2.11.0\a2503f302b11ebde7ebc3df41daebe0e4eea3689\commons-io-2.11.0.jar to classpath.
[21:36:18] [main/DEBUG] (FabricLoader/Knot) Adding C:\Users\k0use1\.mcreator\gradle\caches\modules-2\files-2.1\commons-logging\commons-logging\1.2\4bfc12adfe4842bf07b657f0369c4cb522955686\commons-logging-1.2.jar to classpath.
[21:36:18] [main/DEBUG] (FabricLoader/Knot) Adding C:\Users\k0use1\.mcreator\gradle\caches\modules-2\files-2.1\io.netty\netty-buffer\4.1.82.Final\a544270cf1ae8b8077082f5036436a9a9971ea71\netty-buffer-4.1.82.Final.jar to classpath.
[21:36:18] [main/DEBUG] (FabricLoader/Knot) Adding C:\Users\k0use1\.mcreator\gradle\caches\modules-2\files-2.1\io.netty\netty-codec\4.1.82.Final\b77200379acb345a9ffdece1c605e591ac3e4e0a\netty-codec-4.1.82.Final.jar to classpath.
[21:36:18] [main/DEBUG] (FabricLoader/Knot) Adding C:\Users\k0use1\.mcreator\gradle\caches\modules-2\files-2.1\io.netty\netty-common\4.1.82.Final\22d148e85c3f5ebdacc0ce1f5aabb1d420f73f3\netty-common-4.1.82.Final.jar to classpath.
[21:36:18] [main/DEBUG] (FabricLoader/Knot) Adding C:\Users\k0use1\.mcreator\gradle\caches\modules-2\files-2.1\io.netty\netty-handler\4.1.82.Final\644041d1fa96a5d3130a29e8978630d716d76e38\netty-handler-4.1.82.Final.jar to classpath.
[21:36:18] [main/DEBUG] (FabricLoader/Knot) Adding C:\Users\k0use1\.mcreator\gradle\caches\modules-2\files-2.1\io.netty\netty-resolver\4.1.82.Final\38f665ae8dcd29032eea31245ba7806bed2e0fa8\netty-resolver-4.1.82.Final.jar to classpath.
[21:36:18] [main/DEBUG] (FabricLoader/Knot) Adding C:\Users\k0use1\.mcreator\gradle\caches\modules-2\files-2.1\io.netty\netty-transport-classes-epoll\4.1.82.Final\e7c7dd18deac93105797f30057c912651ea76521\netty-transport-classes-epoll-4.1.82.Final.jar to classpath.
[21:36:18] [main/DEBUG] (FabricLoader/Knot) Adding C:\Users\k0use1\.mcreator\gradle\caches\modules-2\files-2.1\io.netty\netty-transport-native-unix-common\4.1.82.Final\3e895b35ca1b8a0eca56cacff4c2dde5d2c6abce\netty-transport-native-unix-common-4.1.82.Final.jar to classpath.
[21:36:18] [main/DEBUG] (FabricLoader/Knot) Adding C:\Users\k0use1\.mcreator\gradle\caches\modules-2\files-2.1\io.netty\netty-transport\4.1.82.Final\e431a218d91acb6476ccad5f5aafde50aa3945ca\netty-transport-4.1.82.Final.jar to classpath.
[21:36:18] [main/DEBUG] (FabricLoader/Knot) Adding C:\Users\k0use1\.mcreator\gradle\caches\modules-2\files-2.1\it.unimi.dsi\fastutil\8.5.9\bb7ea75ecdb216654237830b3a96d87ad91f8cc5\fastutil-8.5.9.jar to classpath.
[21:36:18] [main/DEBUG] (FabricLoader/Knot) Adding C:\Users\k0use1\.mcreator\gradle\caches\modules-2\files-2.1\net.java.dev.jna\jna-platform\5.12.1\97406a297c852f4a41e688a176ec675f72e8329\jna-platform-5.12.1.jar to classpath.
[21:36:18] [main/DEBUG] (FabricLoader/Knot) Adding C:\Users\k0use1\.mcreator\gradle\caches\modules-2\files-2.1\net.java.dev.jna\jna\5.12.1\b1e93a735caea94f503e95e6fe79bf9cdc1e985d\jna-5.12.1.jar to classpath.
[21:36:18] [main/DEBUG] (FabricLoader/Knot) Adding C:\Users\k0use1\.mcreator\gradle\caches\modules-2\files-2.1\net.sf.jopt-simple\jopt-simple\5.0.4\4fdac2fbe92dfad86aa6e9301736f6b4342a3f5c\jopt-simple-5.0.4.jar to classpath.
[21:36:18] [main/DEBUG] (FabricLoader/Knot) Adding C:\Users\k0use1\.mcreator\gradle\caches\modules-2\files-2.1\org.apache.commons\commons-compress\1.21\4ec95b60d4e86b5c95a0e919cb172a0af98011ef\commons-compress-1.21.jar to classpath.
[21:36:18] [main/DEBUG] (FabricLoader/Knot) Adding C:\Users\k0use1\.mcreator\gradle\caches\modules-2\files-2.1\org.apache.commons\commons-lang3\3.12.0\c6842c86792ff03b9f1d1fe2aab8dc23aa6c6f0e\commons-lang3-3.12.0.jar to classpath.
[21:36:18] [main/DEBUG] (FabricLoader/Knot) Adding C:\Users\k0use1\.mcreator\gradle\caches\modules-2\files-2.1\org.apache.httpcomponents\httpclient\4.5.13\e5f6cae5ca7ecaac1ec2827a9e2d65ae2869cada\httpclient-4.5.13.jar to classpath.
[21:36:18] [main/DEBUG] (FabricLoader/Knot) Adding C:\Users\k0use1\.mcreator\gradle\caches\modules-2\files-2.1\org.apache.httpcomponents\httpcore\4.4.15\7f2e0c573eaa7a74bac2e89b359e1f73d92a0a1d\httpcore-4.4.15.jar to classpath.
[21:36:18] [main/DEBUG] (FabricLoader/Knot) Adding C:\Users\k0use1\.mcreator\gradle\caches\modules-2\files-2.1\org.joml\joml\1.10.5\22566d58af70ad3d72308bab63b8339906deb649\joml-1.10.5.jar to classpath.
[21:36:18] [main/DEBUG] (FabricLoader/Knot) Adding C:\Users\k0use1\.mcreator\gradle\caches\modules-2\files-2.1\org.lwjgl\lwjgl-glfw\3.3.1\cbac1b8d30cb4795149c1ef540f912671a8616d0\lwjgl-glfw-3.3.1.jar to classpath.
[21:36:18] [main/DEBUG] (FabricLoader/Knot) Adding C:\Users\k0use1\.mcreator\gradle\caches\modules-2\files-2.1\org.lwjgl\lwjgl-glfw\3.3.1\ed892f945cf7e79c8756796f32d00fa4ceaf573b\lwjgl-glfw-3.3.1-natives-windows.jar to classpath.
[21:36:18] [main/DEBUG] (FabricLoader/Knot) Adding C:\Users\k0use1\.mcreator\gradle\caches\modules-2\files-2.1\org.lwjgl\lwjgl-glfw\3.3.1\beda65ee503443e60aa196d58ed31f8d001dc22a\lwjgl-glfw-3.3.1-natives-windows-arm64.jar to classpath.
[21:36:18] [main/DEBUG] (FabricLoader/Knot) Adding C:\Users\k0use1\.mcreator\gradle\caches\modules-2\files-2.1\org.lwjgl\lwjgl-glfw\3.3.1\b997e3391d6ce8f05487e7335d95c606043884a1\lwjgl-glfw-3.3.1-natives-windows-x86.jar to classpath.
[21:36:18] [main/DEBUG] (FabricLoader/Knot) Adding C:\Users\k0use1\.mcreator\gradle\caches\modules-2\files-2.1\org.lwjgl\lwjgl-jemalloc\3.3.1\a817bcf213db49f710603677457567c37d53e103\lwjgl-jemalloc-3.3.1.jar to classpath.
[21:36:18] [main/DEBUG] (FabricLoader/Knot) Adding C:\Users\k0use1\.mcreator\gradle\caches\modules-2\files-2.1\org.lwjgl\lwjgl-jemalloc\3.3.1\948a89b76a16aa324b046ae9308891216ffce5f9\lwjgl-jemalloc-3.3.1-natives-windows.jar to classpath.
[21:36:18] [main/DEBUG] (FabricLoader/Knot) Adding C:\Users\k0use1\.mcreator\gradle\caches\modules-2\files-2.1\org.lwjgl\lwjgl-jemalloc\3.3.1\cae85c4edb219c88b6a0c26a87955ad98dc9519d\lwjgl-jemalloc-3.3.1-natives-windows-arm64.jar to classpath.
[21:36:18] [main/DEBUG] (FabricLoader/Knot) Adding C:\Users\k0use1\.mcreator\gradle\caches\modules-2\files-2.1\org.lwjgl\lwjgl-jemalloc\3.3.1\fb476c8ec110e1c137ad3ce8a7f7bfe6b11c6324\lwjgl-jemalloc-3.3.1-natives-windows-x86.jar to classpath.
[21:36:18] [main/DEBUG] (FabricLoader/Knot) Adding C:\Users\k0use1\.mcreator\gradle\caches\modules-2\files-2.1\org.lwjgl\lwjgl-openal\3.3.1\2623a6b8ae1dfcd880738656a9f0243d2e6840bd\lwjgl-openal-3.3.1.jar to classpath.
[21:36:18] [main/DEBUG] (FabricLoader/Knot) Adding C:\Users\k0use1\.mcreator\gradle\caches\modules-2\files-2.1\org.lwjgl\lwjgl-openal\3.3.1\30a474d0e57193d7bc128849a3ab66bc9316fdb1\lwjgl-openal-3.3.1-natives-windows.jar to classpath.
[21:36:18] [main/DEBUG] (FabricLoader/Knot) Adding C:\Users\k0use1\.mcreator\gradle\caches\modules-2\files-2.1\org.lwjgl\lwjgl-openal\3.3.1\40d65f1a7368a2aa47336f9cb69f5a190cf9975a\lwjgl-openal-3.3.1-natives-windows-arm64.jar to classpath.
[21:36:18] [main/DEBUG] (FabricLoader/Knot) Adding C:\Users\k0use1\.mcreator\gradle\caches\modules-2\files-2.1\org.lwjgl\lwjgl-openal\3.3.1\888349f7b1be6fbae58bf8edfb9ef12def04c4e3\lwjgl-openal-3.3.1-natives-windows-x86.jar to classpath.
[21:36:18] [main/DEBUG] (FabricLoader/Knot) Adding C:\Users\k0use1\.mcreator\gradle\caches\modules-2\files-2.1\org.lwjgl\lwjgl-opengl\3.3.1\831a5533a21a5f4f81bbc51bb13e9899319b5411\lwjgl-opengl-3.3.1.jar to classpath.
[21:36:18] [main/DEBUG] (FabricLoader/Knot) Adding C:\Users\k0use1\.mcreator\gradle\caches\modules-2\files-2.1\org.lwjgl\lwjgl-opengl\3.3.1\c1807e9bd571402787d7e37e3029776ae2513bb8\lwjgl-opengl-3.3.1-natives-windows.jar to classpath.
[21:36:18] [main/DEBUG] (FabricLoader/Knot) Adding C:\Users\k0use1\.mcreator\gradle\caches\modules-2\files-2.1\org.lwjgl\lwjgl-opengl\3.3.1\527d78f1e9056aff3ed02ce93019c73c5e8f1721\lwjgl-opengl-3.3.1-natives-windows-arm64.jar to classpath.
[21:36:18] [main/DEBUG] (FabricLoader/Knot) Adding C:\Users\k0use1\.mcreator\gradle\caches\modules-2\files-2.1\org.lwjgl\lwjgl-opengl\3.3.1\deef3eb9b178ff2ff3ce893cc72ae741c3a17974\lwjgl-opengl-3.3.1-natives-windows-x86.jar to classpath.
[21:36:18] [main/DEBUG] (FabricLoader/Knot) Adding C:\Users\k0use1\.mcreator\gradle\caches\modules-2\files-2.1\org.lwjgl\lwjgl-stb\3.3.1\b119297cf8ed01f247abe8685857f8e7fcf5980f\lwjgl-stb-3.3.1.jar to classpath.
[21:36:18] [main/DEBUG] (FabricLoader/Knot) Adding C:\Users\k0use1\.mcreator\gradle\caches\modules-2\files-2.1\org.lwjgl\lwjgl-stb\3.3.1\86315914ac119efdb02dc9e8e978ade84f1702af\lwjgl-stb-3.3.1-natives-windows.jar to classpath.
[21:36:18] [main/DEBUG] (FabricLoader/Knot) Adding C:\Users\k0use1\.mcreator\gradle\caches\modules-2\files-2.1\org.lwjgl\lwjgl-stb\3.3.1\fde63cdd2605c00636721a6c8b961e41d1f6b247\lwjgl-stb-3.3.1-natives-windows-arm64.jar to classpath.
[21:36:18] [main/DEBUG] (FabricLoader/Knot) Adding C:\Users\k0use1\.mcreator\gradle\caches\modules-2\files-2.1\org.lwjgl\lwjgl-stb\3.3.1\a8d41f419eecb430b7c91ea2ce2c5c451cae2091\lwjgl-stb-3.3.1-natives-windows-x86.jar to classpath.
[21:36:18] [main/DEBUG] (FabricLoader/Knot) Adding C:\Users\k0use1\.mcreator\gradle\caches\modules-2\files-2.1\org.lwjgl\lwjgl-tinyfd\3.3.1\ff1914111ef2e3e0110ef2dabc8d8cdaad82347\lwjgl-tinyfd-3.3.1.jar to classpath.
[21:36:18] [main/DEBUG] (FabricLoader/Knot) Adding C:\Users\k0use1\.mcreator\gradle\caches\modules-2\files-2.1\org.lwjgl\lwjgl-tinyfd\3.3.1\a5d830475ec0958d9fdba1559efa99aef211e6ff\lwjgl-tinyfd-3.3.1-natives-windows.jar to classpath.
[21:36:18] [main/DEBUG] (FabricLoader/Knot) Adding C:\Users\k0use1\.mcreator\gradle\caches\modules-2\files-2.1\org.lwjgl\lwjgl-tinyfd\3.3.1\83a5e780df610829ff3a737822b4f931cffecd91\lwjgl-tinyfd-3.3.1-natives-windows-arm64.jar to classpath.
[21:36:18] [main/DEBUG] (FabricLoader/Knot) Adding C:\Users\k0use1\.mcreator\gradle\caches\modules-2\files-2.1\org.lwjgl\lwjgl-tinyfd\3.3.1\842eedd876fae354abc308c98a263f6bbc9e8a4d\lwjgl-tinyfd-3.3.1-natives-windows-x86.jar to classpath.
[21:36:18] [main/DEBUG] (FabricLoader/Knot) Adding C:\Users\k0use1\.mcreator\gradle\caches\modules-2\files-2.1\org.lwjgl\lwjgl\3.3.1\ae58664f88e18a9bb2c77b063833ca7aaec484cb\lwjgl-3.3.1.jar to classpath.
[21:36:18] [main/DEBUG] (FabricLoader/Knot) Adding C:\Users\k0use1\.mcreator\gradle\caches\modules-2\files-2.1\org.lwjgl\lwjgl\3.3.1\36c37f16ab611b3aa11f3bcf80b1d509b4ce6b\lwjgl-3.3.1-natives-windows.jar to classpath.
[21:36:18] [main/DEBUG] (FabricLoader/Knot) Adding C:\Users\k0use1\.mcreator\gradle\caches\modules-2\files-2.1\org.lwjgl\lwjgl\3.3.1\f46cadcf95675908fd3a550d63d9d709cb68998\lwjgl-3.3.1-natives-windows-arm64.jar to classpath.
[21:36:18] [main/DEBUG] (FabricLoader/Knot) Adding C:\Users\k0use1\.mcreator\gradle\caches\modules-2\files-2.1\org.lwjgl\lwjgl\3.3.1\3b14f4beae9dd39791ec9e12190a9380cd8a3ce6\lwjgl-3.3.1-natives-windows-x86.jar to classpath.
[21:36:18] [main/DEBUG] (FabricLoader/Knot) Adding C:\Users\k0use1\.mcreator\gradle\caches\modules-2\files-2.1\io.netty\netty-transport-native-epoll\4.1.82.Final\c7350a71920f3ae9142945e25fed4846cce53374\netty-transport-native-epoll-4.1.82.Final-linux-x86_64.jar to classpath.
[21:36:18] [main/DEBUG] (FabricLoader/Knot) Adding C:\Users\k0use1\.mcreator\gradle\caches\modules-2\files-2.1\io.netty\netty-transport-native-epoll\4.1.82.Final\476409d6255001ca53a55f65b01c13822f8dc93a\netty-transport-native-epoll-4.1.82.Final-linux-aarch_64.jar to classpath.
[21:36:18] [main/DEBUG] (FabricLoader/Knot) Adding C:\Users\k0use1\MCreatorWorkspaces\Tikuwa-II\.gradle\loom-cache\remapped_mods\loom_mappings_1_20_1_layered_hash_2198_v2\net\fabricmc\fabric-api\fabric-api\0.83.1+1.20.1\fabric-api-0.83.1+1.20.1.jar to classpath.
[21:36:18] [main/DEBUG] (FabricLoader/Knot) Adding C:\Users\k0use1\MCreatorWorkspaces\Tikuwa-II\.gradle\loom-cache\remapped_mods\loom_mappings_1_20_1_layered_hash_2198_v2\net\fabricmc\fabric-api\fabric-transfer-api-v1\3.2.2+b3afc78b77\fabric-transfer-api-v1-3.2.2+b3afc78b77.jar to classpath.
[21:36:18] [main/DEBUG] (FabricLoader/Knot) Adding C:\Users\k0use1\MCreatorWorkspaces\Tikuwa-II\.gradle\loom-cache\remapped_mods\loom_mappings_1_20_1_layered_hash_2198_v2\net\fabricmc\fabric-api\fabric-api-lookup-api-v1\1.6.34+4d8536c977\fabric-api-lookup-api-v1-1.6.34+4d8536c977.jar to classpath.
[21:36:18] [main/DEBUG] (FabricLoader/Knot) Adding C:\Users\k0use1\MCreatorWorkspaces\Tikuwa-II\.gradle\loom-cache\remapped_mods\loom_mappings_1_20_1_layered_hash_2198_v2\net\fabricmc\fabric-api\fabric-blockrenderlayer-v1\1.1.39+b3afc78b77\fabric-blockrenderlayer-v1-1.1.39+b3afc78b77.jar to classpath.
[21:36:18] [main/DEBUG] (FabricLoader/Knot) Adding C:\Users\k0use1\MCreatorWorkspaces\Tikuwa-II\.gradle\loom-cache\remapped_mods\loom_mappings_1_20_1_layered_hash_2198_v2\net\fabricmc\fabric-api\fabric-client-tags-api-v1\1.0.20+b3afc78b77\fabric-client-tags-api-v1-1.0.20+b3afc78b77.jar to classpath.
[21:36:18] [main/DEBUG] (FabricLoader/Knot) Adding C:\Users\k0use1\MCreatorWorkspaces\Tikuwa-II\.gradle\loom-cache\remapped_mods\loom_mappings_1_20_1_layered_hash_2198_v2\net\fabricmc\fabric-api\fabric-command-api-v2\2.2.11+b3afc78b77\fabric-command-api-v2-2.2.11+b3afc78b77.jar to classpath.
[21:36:18] [main/DEBUG] (FabricLoader/Knot) Adding C:\Users\k0use1\MCreatorWorkspaces\Tikuwa-II\.gradle\loom-cache\remapped_mods\loom_mappings_1_20_1_layered_hash_2198_v2\net\fabricmc\fabric-api\fabric-content-registries-v0\4.0.7+b3afc78b77\fabric-content-registries-v0-4.0.7+b3afc78b77.jar to classpath.
[21:36:18] [main/DEBUG] (FabricLoader/Knot) Adding C:\Users\k0use1\MCreatorWorkspaces\Tikuwa-II\.gradle\loom-cache\remapped_mods\loom_mappings_1_20_1_layered_hash_2198_v2\net\fabricmc\fabric-api\fabric-convention-tags-v1\1.5.3+b3afc78b77\fabric-convention-tags-v1-1.5.3+b3afc78b77.jar to classpath.
[21:36:18] [main/DEBUG] (FabricLoader/Knot) Adding C:\Users\k0use1\MCreatorWorkspaces\Tikuwa-II\.gradle\loom-cache\remapped_mods\loom_mappings_1_20_1_layered_hash_2198_v2\net\fabricmc\fabric-api\fabric-data-generation-api-v1\12.1.11+b3afc78b77\fabric-data-generation-api-v1-12.1.11+b3afc78b77.jar to classpath.
[21:36:18] [main/DEBUG] (FabricLoader/Knot) Adding C:\Users\k0use1\MCreatorWorkspaces\Tikuwa-II\.gradle\loom-cache\remapped_mods\loom_mappings_1_20_1_layered_hash_2198_v2\net\fabricmc\fabric-api\fabric-dimensions-v1\2.1.51+b3afc78b77\fabric-dimensions-v1-2.1.51+b3afc78b77.jar to classpath.
[21:36:18] [main/DEBUG] (FabricLoader/Knot) Adding C:\Users\k0use1\MCreatorWorkspaces\Tikuwa-II\.gradle\loom-cache\remapped_mods\loom_mappings_1_20_1_layered_hash_2198_v2\net\fabricmc\fabric-api\fabric-entity-events-v1\1.5.21+b3afc78b77\fabric-entity-events-v1-1.5.21+b3afc78b77.jar to classpath.
[21:36:18] [main/DEBUG] (FabricLoader/Knot) Adding C:\Users\k0use1\MCreatorWorkspaces\Tikuwa-II\.gradle\loom-cache\remapped_mods\loom_mappings_1_20_1_layered_hash_2198_v2\net\fabricmc\fabric-api\fabric-events-interaction-v0\0.6.0+b3afc78b77\fabric-events-interaction-v0-0.6.0+b3afc78b77.jar to classpath.
[21:36:18] [main/DEBUG] (FabricLoader/Knot) Adding C:\Users\k0use1\MCreatorWorkspaces\Tikuwa-II\.gradle\loom-cache\remapped_mods\loom_mappings_1_20_1_layered_hash_2198_v2\net\fabricmc\fabric-api\fabric-gametest-api-v1\1.2.10+b3afc78b77\fabric-gametest-api-v1-1.2.10+b3afc78b77.jar to classpath.
[21:36:18] [main/DEBUG] (FabricLoader/Knot) Adding C:\Users\k0use1\MCreatorWorkspaces\Tikuwa-II\.gradle\loom-cache\remapped_mods\loom_mappings_1_20_1_layered_hash_2198_v2\net\fabricmc\fabric-api\fabric-item-api-v1\2.1.26+b3afc78b77\fabric-item-api-v1-2.1.26+b3afc78b77.jar to classpath.
[21:36:18] [main/DEBUG] (FabricLoader/Knot) Adding C:\Users\k0use1\MCreatorWorkspaces\Tikuwa-II\.gradle\loom-cache\remapped_mods\loom_mappings_1_20_1_layered_hash_2198_v2\net\fabricmc\fabric-api\fabric-item-group-api-v1\4.0.7+b3afc78b77\fabric-item-group-api-v1-4.0.7+b3afc78b77.jar to classpath.
[21:36:18] [main/DEBUG] (FabricLoader/Knot) Adding C:\Users\k0use1\MCreatorWorkspaces\Tikuwa-II\.gradle\loom-cache\remapped_mods\loom_mappings_1_20_1_layered_hash_2198_v2\net\fabricmc\fabric-api\fabric-mining-level-api-v1\2.1.47+b3afc78b77\fabric-mining-level-api-v1-2.1.47+b3afc78b77.jar to classpath.
[21:36:18] [main/DEBUG] (FabricLoader/Knot) Adding C:\Users\k0use1\MCreatorWorkspaces\Tikuwa-II\.gradle\loom-cache\remapped_mods\loom_mappings_1_20_1_layered_hash_2198_v2\net\fabricmc\fabric-api\fabric-lifecycle-events-v1\2.2.20+b3afc78b77\fabric-lifecycle-events-v1-2.2.20+b3afc78b77.jar to classpath.
[21:36:18] [main/DEBUG] (FabricLoader/Knot) Adding C:\Users\k0use1\MCreatorWorkspaces\Tikuwa-II\.gradle\loom-cache\remapped_mods\loom_mappings_1_20_1_layered_hash_2198_v2\net\fabricmc\fabric-api\fabric-loot-api-v2\1.1.37+b3afc78b77\fabric-loot-api-v2-1.1.37+b3afc78b77.jar to classpath.
[21:36:18] [main/DEBUG] (FabricLoader/Knot) Adding C:\Users\k0use1\MCreatorWorkspaces\Tikuwa-II\.gradle\loom-cache\remapped_mods\loom_mappings_1_20_1_layered_hash_2198_v2\net\fabricmc\fabric-api\fabric-message-api-v1\5.1.6+b3afc78b77\fabric-message-api-v1-5.1.6+b3afc78b77.jar to classpath.
[21:36:18] [main/DEBUG] (FabricLoader/Knot) Adding C:\Users\k0use1\MCreatorWorkspaces\Tikuwa-II\.gradle\loom-cache\remapped_mods\loom_mappings_1_20_1_layered_hash_2198_v2\net\fabricmc\fabric-api\fabric-models-v0\0.3.35+b3afc78b77\fabric-models-v0-0.3.35+b3afc78b77.jar to classpath.
[21:36:18] [main/DEBUG] (FabricLoader/Knot) Adding C:\Users\k0use1\MCreatorWorkspaces\Tikuwa-II\.gradle\loom-cache\remapped_mods\loom_mappings_1_20_1_layered_hash_2198_v2\net\fabricmc\fabric-api\fabric-recipe-api-v1\1.0.18+b3afc78b77\fabric-recipe-api-v1-1.0.18+b3afc78b77.jar to classpath.
[21:36:18] [main/DEBUG] (FabricLoader/Knot) Adding C:\Users\k0use1\MCreatorWorkspaces\Tikuwa-II\.gradle\loom-cache\remapped_mods\loom_mappings_1_20_1_layered_hash_2198_v2\net\fabricmc\fabric-api\fabric-registry-sync-v0\2.2.6+b3afc78b77\fabric-registry-sync-v0-2.2.6+b3afc78b77.jar to classpath.
[21:36:18] [main/DEBUG] (FabricLoader/Knot) Adding C:\Users\k0use1\MCreatorWorkspaces\Tikuwa-II\.gradle\loom-cache\remapped_mods\loom_mappings_1_20_1_layered_hash_2198_v2\net\fabricmc\fabric-api\fabric-screen-handler-api-v1\1.3.27+b3afc78b77\fabric-screen-handler-api-v1-1.3.27+b3afc78b77.jar to classpath.
[21:36:19] [main/DEBUG] (FabricLoader/Knot) Adding C:\Users\k0use1\MCreatorWorkspaces\Tikuwa-II\.gradle\loom-cache\remapped_mods\loom_mappings_1_20_1_layered_hash_2198_v2\net\fabricmc\fabric-api\fabric-networking-api-v1\1.3.8+b3afc78b77\fabric-networking-api-v1-1.3.8+b3afc78b77.jar to classpath.
[21:36:19] [main/DEBUG] (FabricLoader/Knot) Adding C:\Users\k0use1\MCreatorWorkspaces\Tikuwa-II\.gradle\loom-cache\remapped_mods\loom_mappings_1_20_1_layered_hash_2198_v2\net\fabricmc\fabric-api\fabric-object-builder-api-v1\11.0.6+b3afc78b77\fabric-object-builder-api-v1-11.0.6+b3afc78b77.jar to classpath.
[21:36:19] [main/DEBUG] (FabricLoader/Knot) Adding C:\Users\k0use1\MCreatorWorkspaces\Tikuwa-II\.gradle\loom-cache\remapped_mods\loom_mappings_1_20_1_layered_hash_2198_v2\net\fabricmc\fabric-api\fabric-particles-v1\1.0.28+b3afc78b77\fabric-particles-v1-1.0.28+b3afc78b77.jar to classpath.
[21:36:19] [main/DEBUG] (FabricLoader/Knot) Adding C:\Users\k0use1\MCreatorWorkspaces\Tikuwa-II\.gradle\loom-cache\remapped_mods\loom_mappings_1_20_1_layered_hash_2198_v2\net\fabricmc\fabric-api\fabric-renderer-indigo\1.3.1+b3afc78b77\fabric-renderer-indigo-1.3.1+b3afc78b77.jar to classpath.
[21:36:19] [main/DEBUG] (FabricLoader/Knot) Adding C:\Users\k0use1\MCreatorWorkspaces\Tikuwa-II\.gradle\loom-cache\remapped_mods\loom_mappings_1_20_1_layered_hash_2198_v2\net\fabricmc\fabric-api\fabric-renderer-api-v1\3.0.1+b3afc78b77\fabric-renderer-api-v1-3.0.1+b3afc78b77.jar to classpath.
[21:36:19] [main/DEBUG] (FabricLoader/Knot) Adding C:\Users\k0use1\MCreatorWorkspaces\Tikuwa-II\.gradle\loom-cache\remapped_mods\loom_mappings_1_20_1_layered_hash_2198_v2\net\fabricmc\fabric-api\fabric-rendering-data-attachment-v1\0.3.33+b3afc78b77\fabric-rendering-data-attachment-v1-0.3.33+b3afc78b77.jar to classpath.
[21:36:19] [main/DEBUG] (FabricLoader/Knot) Adding C:\Users\k0use1\MCreatorWorkspaces\Tikuwa-II\.gradle\loom-cache\remapped_mods\loom_mappings_1_20_1_layered_hash_2198_v2\net\fabricmc\fabric-api\fabric-rendering-fluids-v1\3.0.26+b3afc78b77\fabric-rendering-fluids-v1-3.0.26+b3afc78b77.jar to classpath.
[21:36:19] [main/DEBUG] (FabricLoader/Knot) Adding C:\Users\k0use1\MCreatorWorkspaces\Tikuwa-II\.gradle\loom-cache\remapped_mods\loom_mappings_1_20_1_layered_hash_2198_v2\net\fabricmc\fabric-api\fabric-rendering-v1\3.0.6+b3afc78b77\fabric-rendering-v1-3.0.6+b3afc78b77.jar to classpath.
[21:36:19] [main/DEBUG] (FabricLoader/Knot) Adding C:\Users\k0use1\MCreatorWorkspaces\Tikuwa-II\.gradle\loom-cache\remapped_mods\loom_mappings_1_20_1_layered_hash_2198_v2\net\fabricmc\fabric-api\fabric-screen-api-v1\2.0.6+b3afc78b77\fabric-screen-api-v1-2.0.6+b3afc78b77.jar to classpath.
[21:36:19] [main/DEBUG] (FabricLoader/Knot) Adding C:\Users\k0use1\MCreatorWorkspaces\Tikuwa-II\.gradle\loom-cache\remapped_mods\loom_mappings_1_20_1_layered_hash_2198_v2\net\fabricmc\fabric-api\fabric-api-base\0.4.29+b04edc7a77\fabric-api-base-0.4.29+b04edc7a77.jar to classpath.
[21:36:19] [main/DEBUG] (FabricLoader/Knot) Adding C:\Users\k0use1\MCreatorWorkspaces\Tikuwa-II\.gradle\loom-cache\remapped_mods\loom_mappings_1_20_1_layered_hash_2198_v2\net\fabricmc\fabric-api\fabric-biome-api-v1\13.0.10+b3afc78b77\fabric-biome-api-v1-13.0.10+b3afc78b77.jar to classpath.
[21:36:19] [main/DEBUG] (FabricLoader/Knot) Adding C:\Users\k0use1\MCreatorWorkspaces\Tikuwa-II\.gradle\loom-cache\remapped_mods\loom_mappings_1_20_1_layered_hash_2198_v2\net\fabricmc\fabric-api\fabric-block-api-v1\1.0.9+e022e5d177\fabric-block-api-v1-1.0.9+e022e5d177.jar to classpath.
[21:36:19] [main/DEBUG] (FabricLoader/Knot) Adding C:\Users\k0use1\MCreatorWorkspaces\Tikuwa-II\.gradle\loom-cache\remapped_mods\loom_mappings_1_20_1_layered_hash_2198_v2\net\fabricmc\fabric-api\fabric-crash-report-info-v1\0.2.18+aeb40ebe77\fabric-crash-report-info-v1-0.2.18+aeb40ebe77.jar to classpath.
[21:36:19] [main/DEBUG] (FabricLoader/Knot) Adding C:\Users\k0use1\MCreatorWorkspaces\Tikuwa-II\.gradle\loom-cache\remapped_mods\loom_mappings_1_20_1_layered_hash_2198_v2\net\fabricmc\fabric-api\fabric-game-rule-api-v1\1.0.38+b04edc7a77\fabric-game-rule-api-v1-1.0.38+b04edc7a77.jar to classpath.
[21:36:19] [main/DEBUG] (FabricLoader/Knot) Adding C:\Users\k0use1\MCreatorWorkspaces\Tikuwa-II\.gradle\loom-cache\remapped_mods\loom_mappings_1_20_1_layered_hash_2198_v2\net\fabricmc\fabric-api\fabric-key-binding-api-v1\1.0.36+fb8d95da77\fabric-key-binding-api-v1-1.0.36+fb8d95da77.jar to classpath.
[21:36:19] [main/DEBUG] (FabricLoader/Knot) Adding C:\Users\k0use1\MCreatorWorkspaces\Tikuwa-II\.gradle\loom-cache\remapped_mods\loom_mappings_1_20_1_layered_hash_2198_v2\net\fabricmc\fabric-api\fabric-resource-conditions-api-v1\2.3.5+ea08f9d877\fabric-resource-conditions-api-v1-2.3.5+ea08f9d877.jar to classpath.
[21:36:19] [main/DEBUG] (FabricLoader/Knot) Adding C:\Users\k0use1\MCreatorWorkspaces\Tikuwa-II\.gradle\loom-cache\remapped_mods\loom_mappings_1_20_1_layered_hash_2198_v2\net\fabricmc\fabric-api\fabric-resource-loader-v0\0.11.7+f7923f6d77\fabric-resource-loader-v0-0.11.7+f7923f6d77.jar to classpath.
[21:36:19] [main/DEBUG] (FabricLoader/Knot) Adding C:\Users\k0use1\MCreatorWorkspaces\Tikuwa-II\.gradle\loom-cache\remapped_mods\loom_mappings_1_20_1_layered_hash_2198_v2\net\fabricmc\fabric-api\fabric-sound-api-v1\1.0.12+b3afc78b77\fabric-sound-api-v1-1.0.12+b3afc78b77.jar to classpath.
[21:36:19] [main/DEBUG] (FabricLoader/Knot) Adding C:\Users\k0use1\MCreatorWorkspaces\Tikuwa-II\.gradle\loom-cache\remapped_mods\loom_mappings_1_20_1_layered_hash_2198_v2\net\fabricmc\fabric-api\fabric-transitive-access-wideners-v1\4.2.0+b3afc78b77\fabric-transitive-access-wideners-v1-4.2.0+b3afc78b77.jar to classpath.
[21:36:19] [main/DEBUG] (FabricLoader/Knot) Adding C:\Users\k0use1\.mcreator\gradle\caches\modules-2\files-2.1\org.jline\jline-reader\3.12.1\4382ab1382c7b6f379377ed5f665dc2f6e1218bc\jline-reader-3.12.1.jar to classpath.
[21:36:19] [main/DEBUG] (FabricLoader/Knot) Adding C:\Users\k0use1\.mcreator\gradle\caches\modules-2\files-2.1\org.jline\jline-terminal\3.12.1\c777448314e050d980a6b697c140f3bfe9eb7416\jline-terminal-3.12.1.jar to classpath.
[21:36:19] [main/DEBUG] (FabricLoader/Entrypoint) No subscribers for entrypoint 'preLaunch'
[21:36:19] [main/DEBUG] (FabricLoader/Mixin) Preparing mixins for MixinEnvironment[DEFAULT]
[21:36:19] [main/DEBUG] (FabricLoader/Mixin) Selecting config fabric-message-api-v1.mixins.json
[21:36:19] [main/DEBUG] (FabricLoader/Mixin) Remapping refMap fabric-message-api-v1-refmap.json using remapper chain
[21:36:19] [main/DEBUG] (FabricLoader/Mixin) Selecting config fabric-message-api-v1.client.mixins.json
[21:36:19] [main/DEBUG] (FabricLoader/Mixin) Remapping refMap client-fabric-message-api-v1-refmap.json using remapper chain
[21:36:19] [main/DEBUG] (FabricLoader/Mixin) Selecting config fabric-block-api-v1.mixins.json
[21:36:19] [main/DEBUG] (FabricLoader/Mixin) Remapping refMap fabric-block-api-v1-refmap.json using remapper chain
[21:36:19] [main/DEBUG] (FabricLoader/Mixin) Selecting config fabric-registry-sync-v0.mixins.json
[21:36:19] [main/DEBUG] (FabricLoader/Mixin) Remapping refMap fabric-registry-sync-v0-refmap.json using remapper chain
[21:36:19] [main/DEBUG] (FabricLoader/Mixin) Selecting config fabric-registry-sync-v0.client.mixins.json
[21:36:19] [main/DEBUG] (FabricLoader/Mixin) Remapping refMap client-fabric-registry-sync-v0-refmap.json using remapper chain
[21:36:19] [main/DEBUG] (FabricLoader/Mixin) Selecting config fabric-rendering-v1.mixins.json
[21:36:19] [main/DEBUG] (FabricLoader/Mixin) Remapping refMap client-fabric-rendering-v1-refmap.json using remapper chain
[21:36:19] [main/DEBUG] (FabricLoader/Mixin) Selecting config fabric-biome-api-v1.mixins.json
[21:36:19] [main/DEBUG] (FabricLoader/Mixin) Remapping refMap fabric-biome-api-v1-refmap.json using remapper chain
[21:36:19] [main/DEBUG] (FabricLoader/Mixin) Selecting config fabric-resource-loader-v0.mixins.json
[21:36:19] [main/DEBUG] (FabricLoader/Mixin) Remapping refMap fabric-resource-loader-v0-refmap.json using remapper chain
[21:36:19] [main/DEBUG] (FabricLoader/Mixin) Selecting config fabric-resource-loader-v0.client.mixins.json
[21:36:19] [main/DEBUG] (FabricLoader/Mixin) Remapping refMap client-fabric-resource-loader-v0-refmap.json using remapper chain
[21:36:19] [main/DEBUG] (FabricLoader/Mixin) Selecting config fabric-loot-api-v2.mixins.json
[21:36:19] [main/DEBUG] (FabricLoader/Mixin) Remapping refMap fabric-loot-api-v2-refmap.json using remapper chain
[21:36:19] [main/DEBUG] (FabricLoader/Mixin) Selecting config fabric-blockrenderlayer-v1.mixins.json
[21:36:19] [main/DEBUG] (FabricLoader/Mixin) Remapping refMap client-fabric-blockrenderlayer-v1-refmap.json using remapper chain
[21:36:19] [main/DEBUG] (FabricLoader/Mixin) Selecting config fabric-entity-events-v1.mixins.json
[21:36:19] [main/DEBUG] (FabricLoader/Mixin) Remapping refMap fabric-entity-events-v1-refmap.json using remapper chain
[21:36:19] [main/DEBUG] (FabricLoader/Mixin) Selecting config fabric-entity-events-v1.client.mixins.json
[21:36:19] [main/DEBUG] (FabricLoader/Mixin) Remapping refMap client-fabric-entity-events-v1-refmap.json using remapper chain
[21:36:19] [main/DEBUG] (FabricLoader/Mixin) Selecting config fabric-models-v0.mixins.json
[21:36:19] [main/DEBUG] (FabricLoader/Mixin) Remapping refMap client-fabric-models-v0-refmap.json using remapper chain
[21:36:19] [main/DEBUG] (FabricLoader/Mixin) Selecting config fabric-transfer-api-v1.mixins.json
[21:36:19] [main/DEBUG] (FabricLoader/Mixin) Remapping refMap fabric-transfer-api-v1-refmap.json using remapper chain
[21:36:19] [main/DEBUG] (FabricLoader/Mixin) Selecting config fabric-data-generation-api-v1.mixins.json
[21:36:19] [main/DEBUG] (FabricLoader/Mixin) Remapping refMap fabric-data-generation-api-v1-refmap.json using remapper chain
[21:36:19] [main/DEBUG] (FabricLoader/Mixin) Selecting config fabric-data-generation-api-v1.client.mixins.json
[21:36:19] [main/DEBUG] (FabricLoader/Mixin) Remapping refMap client-fabric-data-generation-api-v1-refmap.json using remapper chain
[21:36:19] [main/DEBUG] (FabricLoader/Mixin) Selecting config fabric-content-registries-v0.mixins.json
[21:36:19] [main/DEBUG] (FabricLoader/Mixin) Remapping refMap fabric-content-registries-v0-refmap.json using remapper chain
[21:36:19] [main/DEBUG] (FabricLoader/Mixin) Selecting config fabric-renderer-api-v1.mixins.json
[21:36:19] [main/DEBUG] (FabricLoader/Mixin) Remapping refMap client-fabric-renderer-api-v1-refmap.json using remapper chain
[21:36:19] [main/DEBUG] (FabricLoader/Mixin) Selecting config fabric-renderer-api-v1.debughud.mixins.json
[21:36:19] [main/DEBUG] (FabricLoader/Mixin) Remapping refMap client-fabric-renderer-api-v1-refmap.json using remapper chain
[21:36:19] [main/DEBUG] (FabricLoader/Mixin) Selecting config fabric-sound-api-v1.mixins.json
[21:36:19] [main/DEBUG] (FabricLoader/Mixin) Remapping refMap client-fabric-sound-api-v1-refmap.json using remapper chain
[21:36:19] [main/DEBUG] (FabricLoader/Mixin) Selecting config fabric-crash-report-info-v1.mixins.json
[21:36:19] [main/DEBUG] (FabricLoader/Mixin) Remapping refMap fabric-crash-report-info-v1-refmap.json using remapper chain
[21:36:19] [main/DEBUG] (FabricLoader/Mixin) Selecting config tikuwa_ii.mixins.json
[21:36:19] [main/DEBUG] (FabricLoader/Mixin) Selecting config fabric-game-rule-api-v1.mixins.json
[21:36:19] [main/DEBUG] (FabricLoader/Mixin) Remapping refMap fabric-game-rule-api-v1-refmap.json using remapper chain
[21:36:19] [main/DEBUG] (FabricLoader/Mixin) Selecting config fabric-game-rule-api-v1.client.mixins.json
[21:36:19] [main/DEBUG] (FabricLoader/Mixin) Remapping refMap client-fabric-game-rule-api-v1-refmap.json using remapper chain
[21:36:19] [main/DEBUG] (FabricLoader/Mixin) Selecting config fabric-gametest-api-v1.mixins.json
[21:36:19] [main/DEBUG] (FabricLoader/Mixin) Remapping refMap fabric-gametest-api-v1-refmap.json using remapper chain
[21:36:19] [main/DEBUG] (FabricLoader/Mixin) Selecting config fabric-mining-level-api-v1.mixins.json
[21:36:19] [main/DEBUG] (FabricLoader/Mixin) Remapping refMap fabric-mining-level-api-v1-refmap.json using remapper chain
[21:36:19] [main/DEBUG] (FabricLoader/Mixin) Selecting config fabric-dimensions-v1.mixins.json
[21:36:19] [main/DEBUG] (FabricLoader/Mixin) Remapping refMap fabric-dimensions-v1-refmap.json using remapper chain
[21:36:19] [main/DEBUG] (FabricLoader/Mixin) Selecting config fabric-screen-handler-api-v1.mixins.json
[21:36:19] [main/DEBUG] (FabricLoader/Mixin) Remapping refMap fabric-screen-handler-api-v1-refmap.json using remapper chain
[21:36:19] [main/DEBUG] (FabricLoader/Mixin) Selecting config fabric-object-builder-v1.mixins.json
[21:36:19] [main/DEBUG] (FabricLoader/Mixin) Remapping refMap fabric-object-builder-api-v1-refmap.json using remapper chain
[21:36:19] [main/DEBUG] (FabricLoader/Mixin) Selecting config fabric-object-builder-v1.client.mixins.json
[21:36:19] [main/DEBUG] (FabricLoader/Mixin) Remapping refMap client-fabric-object-builder-api-v1-refmap.json using remapper chain
[21:36:19] [main/DEBUG] (FabricLoader/Mixin) Selecting config fabric-particles-v1.client.mixins.json
[21:36:19] [main/DEBUG] (FabricLoader/Mixin) Remapping refMap client-fabric-particles-v1-refmap.json using remapper chain
[21:36:19] [main/DEBUG] (FabricLoader/Mixin) Selecting config fabric-api-lookup-api-v1.mixins.json
[21:36:19] [main/DEBUG] (FabricLoader/Mixin) Remapping refMap fabric-api-lookup-api-v1-refmap.json using remapper chain
[21:36:19] [main/DEBUG] (FabricLoader/Mixin) Selecting config fabric-renderer-indigo.mixins.json
[21:36:19] [main/DEBUG] (FabricLoader/Mixin) Remapping refMap client-fabric-renderer-indigo-refmap.json using remapper chain
[21:36:19] [main/DEBUG] (FabricLoader/Mixin) Selecting config fabric-key-binding-api-v1.mixins.json
[21:36:19] [main/DEBUG] (FabricLoader/Mixin) Remapping refMap client-fabric-key-binding-api-v1-refmap.json using remapper chain
[21:36:19] [main/DEBUG] (FabricLoader/Mixin) Selecting config fabric-rendering-data-attachment-v1.mixins.json
[21:36:19] [main/DEBUG] (FabricLoader/Mixin) Remapping refMap fabric-rendering-data-attachment-v1-refmap.json using remapper chain
[21:36:19] [main/DEBUG] (FabricLoader/Mixin) Selecting config fabric-rendering-data-attachment-v1.client.mixins.json
[21:36:19] [main/DEBUG] (FabricLoader/Mixin) Remapping refMap client-fabric-rendering-data-attachment-v1-refmap.json using remapper chain
[21:36:19] [main/DEBUG] (FabricLoader/Mixin) Selecting config fabric-resource-conditions-api-v1.mixins.json
[21:36:19] [main/DEBUG] (FabricLoader/Mixin) Remapping refMap fabric-resource-conditions-api-v1-refmap.json using remapper chain
[21:36:19] [main/DEBUG] (FabricLoader/Mixin) Selecting config fabric-item-group-api-v1.mixins.json
[21:36:19] [main/DEBUG] (FabricLoader/Mixin) Remapping refMap fabric-item-group-api-v1-refmap.json using remapper chain
[21:36:19] [main/DEBUG] (FabricLoader/Mixin) Selecting config fabric-item-group-api-v1.client.mixins.json
[21:36:19] [main/DEBUG] (FabricLoader/Mixin) Remapping refMap client-fabric-item-group-api-v1-refmap.json using remapper chain
[21:36:19] [main/DEBUG] (FabricLoader/Mixin) Selecting config fabric-item-api-v1.mixins.json
[21:36:19] [main/DEBUG] (FabricLoader/Mixin) Remapping refMap fabric-item-api-v1-refmap.json using remapper chain
[21:36:19] [main/DEBUG] (FabricLoader/Mixin) Selecting config fabric-item-api-v1.client.mixins.json
[21:36:19] [main/DEBUG] (FabricLoader/Mixin) Remapping refMap client-fabric-item-api-v1-refmap.json using remapper chain
[21:36:19] [main/DEBUG] (FabricLoader/Mixin) Selecting config fabric-events-interaction-v0.mixins.json
[21:36:19] [main/DEBUG] (FabricLoader/Mixin) Remapping refMap fabric-events-interaction-v0-refmap.json using remapper chain
[21:36:19] [main/DEBUG] (FabricLoader/Mixin) Selecting config fabric-events-interaction-v0.client.mixins.json
[21:36:19] [main/DEBUG] (FabricLoader/Mixin) Remapping refMap client-fabric-events-interaction-v0-refmap.json using remapper chain
[21:36:19] [main/DEBUG] (FabricLoader/Mixin) Selecting config fabric-lifecycle-events-v1.mixins.json
[21:36:19] [main/DEBUG] (FabricLoader/Mixin) Remapping refMap fabric-lifecycle-events-v1-refmap.json using remapper chain
[21:36:19] [main/DEBUG] (FabricLoader/Mixin) Selecting config fabric-lifecycle-events-v1.client.mixins.json
[21:36:19] [main/DEBUG] (FabricLoader/Mixin) Remapping refMap client-fabric-lifecycle-events-v1-refmap.json using remapper chain
[21:36:19] [main/DEBUG] (FabricLoader/Mixin) Selecting config fabric-rendering-fluids-v1.mixins.json
[21:36:19] [main/DEBUG] (FabricLoader/Mixin) Remapping refMap client-fabric-rendering-fluids-v1-refmap.json using remapper chain
[21:36:19] [main/DEBUG] (FabricLoader/Mixin) Selecting config fabric-screen-api-v1.mixins.json
[21:36:19] [main/DEBUG] (FabricLoader/Mixin) Remapping refMap client-fabric-screen-api-v1-refmap.json using remapper chain
[21:36:19] [main/DEBUG] (FabricLoader/Mixin) Selecting config fabric-recipe-api-v1.mixins.json
[21:36:19] [main/DEBUG] (FabricLoader/Mixin) Remapping refMap fabric-recipe-api-v1-refmap.json using remapper chain
[21:36:19] [main/DEBUG] (FabricLoader/Mixin) Selecting config fabric-networking-api-v1.mixins.json
[21:36:19] [main/DEBUG] (FabricLoader/Mixin) Remapping refMap fabric-networking-api-v1-refmap.json using remapper chain
[21:36:19] [main/DEBUG] (FabricLoader/Mixin) Selecting config fabric-networking-api-v1.client.mixins.json
[21:36:19] [main/DEBUG] (FabricLoader/Mixin) Remapping refMap client-fabric-networking-api-v1-refmap.json using remapper chain
[21:36:19] [main/DEBUG] (FabricLoader/Mixin) Selecting config fabric-command-api-v2.mixins.json
[21:36:19] [main/DEBUG] (FabricLoader/Mixin) Remapping refMap fabric-command-api-v2-refmap.json using remapper chain
[21:36:19] [main/DEBUG] (FabricLoader/Mixin) Selecting config fabric-command-api-v2.client.mixins.json
[21:36:19] [main/DEBUG] (FabricLoader/Mixin) Remapping refMap client-fabric-command-api-v2-refmap.json using remapper chain
[21:36:19] [main/DEBUG] (FabricLoader/Mixin) Preparing fabric-message-api-v1.mixins.json (2)
[21:36:19] [main/DEBUG] (FabricLoader/Mixin) Preparing fabric-message-api-v1.client.mixins.json (2)
[21:36:19] [main/DEBUG] (FabricLoader/Mixin) Preparing fabric-block-api-v1.mixins.json (2)
[21:36:19] [main/DEBUG] (FabricLoader/Mixin) Preparing fabric-registry-sync-v0.mixins.json (11)
[21:36:19] [main/DEBUG] (FabricLoader/Mixin) Preparing fabric-registry-sync-v0.client.mixins.json (5)
[21:36:19] [main/DEBUG] (FabricLoader/Mixin) Preparing fabric-rendering-v1.mixins.json (17)
[21:36:19] [main/DEBUG] (FabricLoader/Mixin) @Mixin target net/minecraft/client/renderer/ShaderInstance$1 is public in fabric-rendering-v1.mixins.json:shader.ShaderProgramImportProcessorMixin from mod fabric-rendering-v1 and should be specified in value
[21:36:19] [main/DEBUG] (FabricLoader/Mixin) Preparing fabric-biome-api-v1.mixins.json (9)
[21:36:19] [main/DEBUG] (FabricLoader/Mixin) @Mixin target net/minecraft/world/level/biome/MultiNoiseBiomeSourceParameterList$Preset$1 is public in fabric-biome-api-v1.mixins.json:NetherBiomePresetMixin from mod fabric-biome-api-v1 and should be specified in value
[21:36:19] [main/DEBUG] (FabricLoader/Mixin) Preparing fabric-resource-loader-v0.mixins.json (12)
[21:36:19] [main/DEBUG] (FabricLoader/Mixin) Preparing fabric-resource-loader-v0.client.mixins.json (6)
[21:36:19] [main/DEBUG] (FabricLoader/Mixin) Preparing fabric-loot-api-v2.mixins.json (5)
[21:36:19] [main/DEBUG] (FabricLoader/Mixin) Preparing fabric-blockrenderlayer-v1.mixins.json (1)
[21:36:19] [main/DEBUG] (FabricLoader/Mixin) Preparing fabric-entity-events-v1.mixins.json (7)
[21:36:19] [main/DEBUG] (FabricLoader/Mixin) Preparing fabric-entity-events-v1.client.mixins.json (1)
[21:36:19] [main/DEBUG] (FabricLoader/Mixin) Preparing fabric-models-v0.mixins.json (2)
[21:36:19] [main/DEBUG] (FabricLoader/Mixin) Preparing fabric-transfer-api-v1.mixins.json (11)
[21:36:19] [main/DEBUG] (FabricLoader/Mixin) Preparing fabric-data-generation-api-v1.mixins.json (6)
[21:36:19] [main/DEBUG] (FabricLoader/Mixin) Preparing fabric-data-generation-api-v1.client.mixins.json (1)
[21:36:19] [main/DEBUG] (FabricLoader/Mixin) Preparing fabric-content-registries-v0.mixins.json (11)
[21:36:19] [main/DEBUG] (FabricLoader/Mixin) Preparing fabric-renderer-api-v1.mixins.json (4)
[21:36:19] [main/DEBUG] (FabricLoader/Mixin) Preparing fabric-renderer-api-v1.debughud.mixins.json (1)
[21:36:19] [main/DEBUG] (FabricLoader/Mixin) Preparing fabric-sound-api-v1.mixins.json (2)
[21:36:19] [main/DEBUG] (FabricLoader/Mixin) Preparing fabric-crash-report-info-v1.mixins.json (1)
[21:36:19] [main/DEBUG] (FabricLoader/Mixin) Preparing tikuwa_ii.mixins.json (1)
[21:36:19] [main/DEBUG] (FabricLoader/Mixin) Preparing fabric-game-rule-api-v1.mixins.json (6)
[21:36:19] [main/DEBUG] (FabricLoader/Mixin) @Mixin target net/minecraft/server/commands/GameRuleCommand$1 is public in fabric-game-rule-api-v1.mixins.json:GameRuleCommandVisitorMixin from mod fabric-game-rule-api-v1 and should be specified in value
[21:36:19] [main/DEBUG] (FabricLoader/Mixin) Preparing fabric-game-rule-api-v1.client.mixins.json (3)
[21:36:19] [main/DEBUG] (FabricLoader/Mixin) @Mixin target net/minecraft/client/gui/screens/worldselection/EditGameRulesScreen$RuleList$1 is public in fabric-game-rule-api-v1.client.mixins.json:RuleListWidgetVisitorMixin from mod fabric-game-rule-api-v1 and should be specified in value
[21:36:19] [main/DEBUG] (FabricLoader/Mixin) Preparing fabric-gametest-api-v1.mixins.json (7)
[21:36:19] [main/DEBUG] (FabricLoader/Mixin) Preparing fabric-mining-level-api-v1.mixins.json (3)
[21:36:19] [main/DEBUG] (FabricLoader/Mixin) Preparing fabric-dimensions-v1.mixins.json (2)
[21:36:19] [main/DEBUG] (FabricLoader/Mixin) Preparing fabric-screen-handler-api-v1.mixins.json (2)
[21:36:19] [main/DEBUG] (FabricLoader/Mixin) Preparing fabric-object-builder-v1.mixins.json (7)
[21:36:19] [main/DEBUG] (FabricLoader/Mixin) Preparing fabric-object-builder-v1.client.mixins.json (5)
[21:36:19] [main/DEBUG] (FabricLoader/Mixin) Preparing fabric-particles-v1.client.mixins.json (3)
[21:36:19] [main/DEBUG] (FabricLoader/Mixin) Preparing fabric-api-lookup-api-v1.mixins.json (2)
[21:36:19] [main/DEBUG] (FabricLoader/Mixin) Preparing fabric-renderer-indigo.mixins.json (4)
[21:36:19] [main/DEBUG] (FabricLoader/Mixin) Preparing fabric-key-binding-api-v1.mixins.json (2)
[21:36:19] [main/DEBUG] (FabricLoader/Mixin) Preparing fabric-rendering-data-attachment-v1.mixins.json (2)
[21:36:19] [main/DEBUG] (FabricLoader/Mixin) Preparing fabric-rendering-data-attachment-v1.client.mixins.json (2)
[21:36:19] [main/DEBUG] (FabricLoader/Mixin) Preparing fabric-resource-conditions-api-v1.mixins.json (6)
[21:36:19] [main/DEBUG] (FabricLoader/Mixin) Preparing fabric-item-group-api-v1.mixins.json (3)
[21:36:19] [main/DEBUG] (FabricLoader/Mixin) Preparing fabric-item-group-api-v1.client.mixins.json (1)
[21:36:19] [main/DEBUG] (FabricLoader/Mixin) Preparing fabric-item-api-v1.mixins.json (7)
[21:36:19] [main/DEBUG] (FabricLoader/Mixin) Preparing fabric-item-api-v1.client.mixins.json (3)
[21:36:19] [main/DEBUG] (FabricLoader/Mixin) Preparing fabric-events-interaction-v0.mixins.json (4)
[21:36:19] [main/DEBUG] (FabricLoader/Mixin) @Mixin target net/minecraft/server/network/ServerGamePacketListenerImpl$1 is public in fabric-events-interaction-v0.mixins.json:ServerPlayNetworkHandlerMixin from mod fabric-events-interaction-v0 and should be specified in value
[21:36:19] [main/DEBUG] (FabricLoader/Mixin) Preparing fabric-events-interaction-v0.client.mixins.json (3)
[21:36:19] [main/DEBUG] (FabricLoader/Mixin) Preparing fabric-lifecycle-events-v1.mixins.json (9)
[21:36:19] [main/DEBUG] (FabricLoader/Mixin) @Mixin target net/minecraft/server/level/ServerLevel$EntityCallbacks is public in fabric-lifecycle-events-v1.mixins.json:ServerWorldServerEntityHandlerMixin from mod fabric-lifecycle-events-v1 and should be specified in value
[21:36:19] [main/DEBUG] (FabricLoader/Mixin) Preparing fabric-lifecycle-events-v1.client.mixins.json (6)
[21:36:19] [main/DEBUG] (FabricLoader/Mixin) @Mixin target net/minecraft/client/multiplayer/ClientLevel$EntityCallbacks is public in fabric-lifecycle-events-v1.client.mixins.json:ClientWorldClientEntityHandlerMixin from mod fabric-lifecycle-events-v1 and should be specified in value
[21:36:19] [main/DEBUG] (FabricLoader/Mixin) Preparing fabric-rendering-fluids-v1.mixins.json (1)
[21:36:19] [main/DEBUG] (FabricLoader/Mixin) Preparing fabric-screen-api-v1.mixins.json (6)
[21:36:19] [main/DEBUG] (FabricLoader/Mixin) Preparing fabric-recipe-api-v1.mixins.json (3)
[21:36:19] [main/DEBUG] (FabricLoader/Mixin) Preparing fabric-networking-api-v1.mixins.json (11)
[21:36:19] [main/DEBUG] (FabricLoader/Mixin) @Mixin target net/minecraft/server/level/ChunkMap$TrackedEntity is public in fabric-networking-api-v1.mixins.json:accessor.EntityTrackerAccessor from mod fabric-networking-api-v1 and should be specified in value
[21:36:19] [main/DEBUG] (FabricLoader/Mixin) Preparing fabric-networking-api-v1.client.mixins.json (5)
[21:36:19] [main/DEBUG] (FabricLoader/Mixin) Preparing fabric-command-api-v2.mixins.json (5)
[21:36:19] [main/DEBUG] (FabricLoader/Mixin) Preparing fabric-command-api-v2.client.mixins.json (2)
[21:36:19] [main/DEBUG] (FabricLoader/Mixin) Registering new injector for @Inject with org.spongepowered.asm.mixin.injection.struct.CallbackInjectionInfo
[21:36:19] [main/DEBUG] (FabricLoader/Mixin) Registering new injector for @ModifyArg with org.spongepowered.asm.mixin.injection.struct.ModifyArgInjectionInfo
[21:36:19] [main/DEBUG] (FabricLoader/Mixin) Registering new injector for @ModifyArgs with org.spongepowered.asm.mixin.injection.struct.ModifyArgsInjectionInfo
[21:36:19] [main/DEBUG] (FabricLoader/Mixin) Registering new injector for @Redirect with org.spongepowered.asm.mixin.injection.struct.RedirectInjectionInfo
[21:36:19] [main/DEBUG] (FabricLoader/Mixin) Registering new injector for @ModifyVariable with org.spongepowered.asm.mixin.injection.struct.ModifyVariableInjectionInfo
[21:36:19] [main/DEBUG] (FabricLoader/Mixin) Registering new injector for @ModifyConstant with org.spongepowered.asm.mixin.injection.struct.ModifyConstantInjectionInfo
[21:36:19] [main/DEBUG] (FabricLoader/Mixin) Inner class net/fabricmc/fabric/mixin/transfer/ChiseledBookshelfBlockEntityMixin$1 in net/fabricmc/fabric/mixin/transfer/ChiseledBookshelfBlockEntityMixin on net/minecraft/world/level/block/entity/ChiseledBookShelfBlockEntity gets unique name net/minecraft/world/level/block/entity/ChiseledBookShelfBlockEntity$Anonymous$9466a6c8a01b4c76a3a5abc493ee6624
[21:36:19] [main/DEBUG] (FabricLoader/Mixin) Inner class net/fabricmc/fabric/mixin/itemgroup/ItemGroupsMixin$1ItemGroupPosition in net/fabricmc/fabric/mixin/itemgroup/ItemGroupsMixin on net/minecraft/world/item/CreativeModeTabs gets unique name net/minecraft/world/item/CreativeModeTabs$1ItemGroupPosition$7d82ae78cfc74c9c8d79d2d9b6ab1b92
[21:36:19] [main/DEBUG] (FabricLoader/Mixin) Prepared 241 mixins in 0.780 sec (3.2ms avg) (0ms load, 0ms transform, 0ms plugin)
